2020-04-14 03:00:03 [scrapy.utils.log] INFO: Scrapy 1.7.3 started (bot: laxstatscraper)
2020-04-14 03:00:03 [scrapy.utils.log] INFO: Versions: lxml 4.4.1.0, libxml2 2.9.5, cssselect 1.1.0, parsel 1.5.2, w3lib 1.21.0, Twisted 19.7.0, Python 3.6.4 (v3.6.4:d48eceb, Dec 19 2017, 06:54:40) [MSC v.1900 64 bit (AMD64)], pyOpenSSL 17.5.0 (OpenSSL 1.1.0g  2 Nov 2017), cryptography 2.1.4, Platform Windows-10-10.0.18362-SP0
2020-04-14 03:00:03 [scrapy.crawler] INFO: Overridden settings: {'BOT_NAME': 'laxstatscraper', 'CONCURRENT_REQUESTS': 32, 'LOG_FILE': 'F:\\ReactProjects\\laxstats2\\laxstatscraper\\laxstatscraper\\logs\\dump\\2020-04-14-dump.log', 'NEWSPIDER_MODULE': 'laxstatscraper.spiders', 'SPIDER_MODULES': ['laxstatscraper.spiders'], 'USER_AGENT': 'Mozilla/5.0 (Windows NT 6.1; WOW64) AppleWebKit/537.1 (KHTML, like Gecko) Chrome/22.0.1207.1 Safari/537.1'}
2020-04-14 03:00:06 [scrapy.extensions.telnet] INFO: Telnet Password: 5859920067fc7d40
2020-04-14 03:00:06 [scrapy.middleware] INFO: Enabled extensions:
['scrapy.extensions.corestats.CoreStats',
 'scrapy.extensions.telnet.TelnetConsole',
 'scrapy.extensions.logstats.LogStats']
2020-04-14 03:00:06 [scrapy.middleware] INFO: Enabled downloader middlewares:
['scrapy.downloadermiddlewares.httpauth.HttpAuthMiddleware',
 'scrapy.downloadermiddlewares.downloadtimeout.DownloadTimeoutMiddleware',
 'scrapy.downloadermiddlewares.defaultheaders.DefaultHeadersMiddleware',
 'scrapy.downloadermiddlewares.useragent.UserAgentMiddleware',
 'scrapy.downloadermiddlewares.retry.RetryMiddleware',
 'scrapy.downloadermiddlewares.redirect.MetaRefreshMiddleware',
 'scrapy.downloadermiddlewares.httpcompression.HttpCompressionMiddleware',
 'scrapy.downloadermiddlewares.redirect.RedirectMiddleware',
 'scrapy_proxy_pool.middlewares.ProxyPoolMiddleware',
 'scrapy_proxy_pool.middlewares.BanDetectionMiddleware',
 'scrapy.downloadermiddlewares.cookies.CookiesMiddleware',
 'scrapy.downloadermiddlewares.httpproxy.HttpProxyMiddleware',
 'scrapy.downloadermiddlewares.stats.DownloaderStats']
2020-04-14 03:00:06 [scrapy.middleware] INFO: Enabled spider middlewares:
['scrapy.spidermiddlewares.httperror.HttpErrorMiddleware',
 'scrapy.spidermiddlewares.offsite.OffsiteMiddleware',
 'scrapy.spidermiddlewares.referer.RefererMiddleware',
 'scrapy.spidermiddlewares.urllength.UrlLengthMiddleware',
 'scrapy.spidermiddlewares.depth.DepthMiddleware']
2020-04-14 03:00:06 [scrapy.middleware] INFO: Enabled item pipelines:
['laxstatscraper.pipelines.LaxstatscraperPipeline']
2020-04-14 03:00:06 [scrapy.core.engine] INFO: Spider opened
2020-04-14 03:00:06 [scrapy.extensions.logstats] INFO: Crawled 0 pages (at 0 pages/min), scraped 0 items (at 0 items/min)
2020-04-14 03:00:06 [scrapy.extensions.telnet] INFO: Telnet console listening on 127.0.0.1:6023
2020-04-14 03:00:06 [urllib3.connectionpool] DEBUG: Starting new HTTP connection (1): www.proxy-daily.com
2020-04-14 03:00:06 [urllib3.connectionpool] DEBUG: http://www.proxy-daily.com:80 "GET / HTTP/1.1" 301 None
2020-04-14 03:00:06 [urllib3.connectionpool] DEBUG: Starting new HTTPS connection (1): www.proxy-daily.com
2020-04-14 03:00:07 [urllib3.connectionpool] DEBUG: https://www.proxy-daily.com:443 "GET / HTTP/1.1" 301 None
2020-04-14 03:00:07 [urllib3.connectionpool] DEBUG: Starting new HTTPS connection (1): proxy-daily.com
2020-04-14 03:00:07 [urllib3.connectionpool] DEBUG: https://proxy-daily.com:443 "GET / HTTP/1.1" 200 None
2020-04-14 03:00:08 [chardet.charsetprober] DEBUG: EUC-JP Japanese prober hit error at byte 30705
2020-04-14 03:00:08 [chardet.charsetprober] DEBUG: GB2312 Chinese prober hit error at byte 30707
2020-04-14 03:00:08 [chardet.charsetprober] DEBUG: EUC-KR Korean prober hit error at byte 30705
2020-04-14 03:00:08 [chardet.charsetprober] DEBUG: CP949 Korean prober hit error at byte 30705
2020-04-14 03:00:08 [chardet.charsetprober] DEBUG: Big5 Chinese prober hit error at byte 30707
2020-04-14 03:00:08 [chardet.charsetprober] DEBUG: EUC-TW Taiwan prober hit error at byte 30705
2020-04-14 03:00:08 [chardet.charsetprober] DEBUG: utf-8  confidence = 0.7525
2020-04-14 03:00:08 [chardet.charsetprober] DEBUG: SHIFT_JIS Japanese confidence = 0.01
2020-04-14 03:00:08 [chardet.charsetprober] DEBUG: EUC-JP not active
2020-04-14 03:00:08 [chardet.charsetprober] DEBUG: GB2312 not active
2020-04-14 03:00:08 [chardet.charsetprober] DEBUG: EUC-KR not active
2020-04-14 03:00:08 [chardet.charsetprober] DEBUG: CP949 not active
2020-04-14 03:00:08 [chardet.charsetprober] DEBUG: Big5 not active
2020-04-14 03:00:08 [chardet.charsetprober] DEBUG: EUC-TW not active
2020-04-14 03:00:08 [chardet.charsetprober] DEBUG: windows-1251 Russian confidence = 0.01
2020-04-14 03:00:08 [chardet.charsetprober] DEBUG: KOI8-R Russian confidence = 0.01
2020-04-14 03:00:08 [chardet.charsetprober] DEBUG: ISO-8859-5 Russian confidence = 0.01
2020-04-14 03:00:08 [chardet.charsetprober] DEBUG: MacCyrillic Russian confidence = 0.0
2020-04-14 03:00:08 [chardet.charsetprober] DEBUG: IBM866 Russian confidence = 0.0
2020-04-14 03:00:08 [chardet.charsetprober] DEBUG: IBM855 Russian confidence = 0.01
2020-04-14 03:00:08 [chardet.charsetprober] DEBUG: ISO-8859-7 Greek confidence = 0.01
2020-04-14 03:00:08 [chardet.charsetprober] DEBUG: windows-1253 Greek confidence = 0.01
2020-04-14 03:00:08 [chardet.charsetprober] DEBUG: ISO-8859-5 Bulgairan confidence = 0.01
2020-04-14 03:00:08 [chardet.charsetprober] DEBUG: windows-1251 Bulgarian confidence = 0.01
2020-04-14 03:00:08 [chardet.charsetprober] DEBUG: TIS-620 Thai confidence = 0.01
2020-04-14 03:00:08 [chardet.charsetprober] DEBUG: ISO-8859-9 Turkish confidence = 0.5244348565167033
2020-04-14 03:00:08 [chardet.charsetprober] DEBUG: windows-1255 Hebrew confidence = 0.0
2020-04-14 03:00:08 [chardet.charsetprober] DEBUG: windows-1255 Hebrew confidence = 0.01
2020-04-14 03:00:08 [chardet.charsetprober] DEBUG: windows-1255 Hebrew confidence = 0.01
2020-04-14 03:00:08 [chardet.charsetprober] DEBUG: utf-8  confidence = 0.7525
2020-04-14 03:00:08 [chardet.charsetprober] DEBUG: SHIFT_JIS Japanese confidence = 0.01
2020-04-14 03:00:08 [chardet.charsetprober] DEBUG: EUC-JP not active
2020-04-14 03:00:08 [chardet.charsetprober] DEBUG: GB2312 not active
2020-04-14 03:00:08 [chardet.charsetprober] DEBUG: EUC-KR not active
2020-04-14 03:00:08 [chardet.charsetprober] DEBUG: CP949 not active
2020-04-14 03:00:08 [chardet.charsetprober] DEBUG: Big5 not active
2020-04-14 03:00:08 [chardet.charsetprober] DEBUG: EUC-TW not active
2020-04-14 03:00:08 [urllib3.connectionpool] DEBUG: Starting new HTTP connection (1): www.free-proxy-list.net
2020-04-14 03:00:08 [urllib3.connectionpool] DEBUG: http://www.free-proxy-list.net:80 "GET / HTTP/1.1" 301 None
2020-04-14 03:00:08 [urllib3.connectionpool] DEBUG: Starting new HTTPS connection (1): www.free-proxy-list.net
2020-04-14 03:00:08 [urllib3.connectionpool] DEBUG: https://www.free-proxy-list.net:443 "GET / HTTP/1.1" 200 None
2020-04-14 03:00:08 [urllib3.connectionpool] DEBUG: Starting new HTTPS connection (1): free-proxy-list.net
2020-04-14 03:00:08 [urllib3.connectionpool] DEBUG: https://free-proxy-list.net:443 "GET /anonymous-proxy.html HTTP/1.1" 200 None
2020-04-14 03:00:08 [urllib3.connectionpool] DEBUG: Starting new HTTPS connection (1): www.us-proxy.org
2020-04-14 03:00:09 [urllib3.connectionpool] DEBUG: https://www.us-proxy.org:443 "GET / HTTP/1.1" 200 None
2020-04-14 03:00:09 [urllib3.connectionpool] DEBUG: Starting new HTTPS connection (1): www.sslproxies.org
2020-04-14 03:00:09 [urllib3.connectionpool] DEBUG: https://www.sslproxies.org:443 "GET / HTTP/1.1" 200 None
2020-04-14 03:00:09 [urllib3.connectionpool] DEBUG: Starting new HTTPS connection (1): free-proxy-list.net
2020-04-14 03:00:09 [urllib3.connectionpool] DEBUG: https://free-proxy-list.net:443 "GET /uk-proxy.html HTTP/1.1" 200 None
2020-04-14 03:00:09 [scrapy_proxy_pool.middlewares] DEBUG: [ProxyChoosen] http://50.226.151.20:80
2020-04-14 03:00:30 [scrapy_proxy_pool.middlewares] DEBUG: Retrying <GET https://www.ncaa.com/rankings/lacrosse-men/d1/inside-lacrosse> with another proxy (failed 1 times, max retries: 5)
2020-04-14 03:00:30 [scrapy_proxy_pool.middlewares] DEBUG: [ProxyChoosen] http://54.202.69.188:3128
2020-04-14 03:00:51 [scrapy_proxy_pool.middlewares] DEBUG: Retrying <GET https://www.ncaa.com/rankings/lacrosse-men/d1/inside-lacrosse> with another proxy (failed 2 times, max retries: 5)
2020-04-14 03:00:51 [scrapy_proxy_pool.middlewares] DEBUG: [ProxyChoosen] http://18.236.213.67:3128
2020-04-14 03:01:06 [scrapy.extensions.logstats] INFO: Crawled 0 pages (at 0 pages/min), scraped 0 items (at 0 items/min)
2020-04-14 03:01:12 [scrapy_proxy_pool.middlewares] DEBUG: Retrying <GET https://www.ncaa.com/rankings/lacrosse-men/d1/inside-lacrosse> with another proxy (failed 3 times, max retries: 5)
2020-04-14 03:01:12 [scrapy_proxy_pool.middlewares] DEBUG: [ProxyChoosen] http://34.225.7.71:80
2020-04-14 03:01:14 [scrapy_proxy_pool.middlewares] DEBUG: Retrying <GET https://www.ncaa.com/rankings/lacrosse-men/d1/inside-lacrosse> with another proxy (failed 4 times, max retries: 5)
2020-04-14 03:01:14 [scrapy_proxy_pool.middlewares] DEBUG: [ProxyChoosen] http://18.237.91.70:3128
2020-04-14 03:01:17 [scrapy.core.engine] DEBUG: Crawled (200) <GET https://www.ncaa.com/rankings/lacrosse-men/d1/inside-lacrosse> (referer: None)
2020-04-14 03:01:19 [scrapy.utils.log] INFO: Scrapy 1.7.3 started (bot: laxstatscraper)
2020-04-14 03:01:19 [scrapy.utils.log] INFO: Versions: lxml 4.4.1.0, libxml2 2.9.5, cssselect 1.1.0, parsel 1.5.2, w3lib 1.21.0, Twisted 19.7.0, Python 3.6.4 (v3.6.4:d48eceb, Dec 19 2017, 06:54:40) [MSC v.1900 64 bit (AMD64)], pyOpenSSL 17.5.0 (OpenSSL 1.1.0g  2 Nov 2017), cryptography 2.1.4, Platform Windows-10-10.0.18362-SP0
2020-04-14 03:01:19 [scrapy.crawler] INFO: Overridden settings: {'BOT_NAME': 'laxstatscraper', 'CONCURRENT_REQUESTS': 32, 'LOG_FILE': 'F:\\ReactProjects\\laxstats2\\laxstatscraper\\laxstatscraper\\logs\\dump\\2020-04-14-dump.log', 'NEWSPIDER_MODULE': 'laxstatscraper.spiders', 'SPIDER_MODULES': ['laxstatscraper.spiders'], 'USER_AGENT': 'Mozilla/5.0 (Windows NT 6.1; WOW64) AppleWebKit/537.1 (KHTML, like Gecko) Chrome/22.0.1207.1 Safari/537.1'}
2020-04-14 03:01:19 [scrapy.extensions.telnet] INFO: Telnet Password: 0bd333a784f66cde
2020-04-14 03:01:19 [scrapy.middleware] INFO: Enabled extensions:
['scrapy.extensions.corestats.CoreStats',
 'scrapy.extensions.telnet.TelnetConsole',
 'scrapy.extensions.logstats.LogStats']
2020-04-14 03:01:19 [scrapy.middleware] INFO: Enabled downloader middlewares:
['scrapy.downloadermiddlewares.httpauth.HttpAuthMiddleware',
 'scrapy.downloadermiddlewares.downloadtimeout.DownloadTimeoutMiddleware',
 'scrapy.downloadermiddlewares.defaultheaders.DefaultHeadersMiddleware',
 'scrapy.downloadermiddlewares.useragent.UserAgentMiddleware',
 'scrapy.downloadermiddlewares.retry.RetryMiddleware',
 'scrapy.downloadermiddlewares.redirect.MetaRefreshMiddleware',
 'scrapy.downloadermiddlewares.httpcompression.HttpCompressionMiddleware',
 'scrapy.downloadermiddlewares.redirect.RedirectMiddleware',
 'scrapy_proxy_pool.middlewares.ProxyPoolMiddleware',
 'scrapy_proxy_pool.middlewares.BanDetectionMiddleware',
 'scrapy.downloadermiddlewares.cookies.CookiesMiddleware',
 'scrapy.downloadermiddlewares.httpproxy.HttpProxyMiddleware',
 'scrapy.downloadermiddlewares.stats.DownloaderStats']
2020-04-14 03:01:19 [scrapy.middleware] INFO: Enabled spider middlewares:
['scrapy.spidermiddlewares.httperror.HttpErrorMiddleware',
 'scrapy.spidermiddlewares.offsite.OffsiteMiddleware',
 'scrapy.spidermiddlewares.referer.RefererMiddleware',
 'scrapy.spidermiddlewares.urllength.UrlLengthMiddleware',
 'scrapy.spidermiddlewares.depth.DepthMiddleware']
2020-04-14 03:01:20 [scrapy.middleware] INFO: Enabled item pipelines:
['laxstatscraper.pipelines.LaxstatscraperPipeline']
2020-04-14 03:01:20 [scrapy.core.engine] INFO: Spider opened
2020-04-14 03:01:20 [scrapy.extensions.logstats] INFO: Crawled 0 pages (at 0 pages/min), scraped 0 items (at 0 items/min)
2020-04-14 03:01:20 [scrapy.extensions.telnet] INFO: Telnet console listening on 127.0.0.1:6023
2020-04-14 03:01:20 [urllib3.connectionpool] DEBUG: Starting new HTTPS connection (1): free-proxy-list.net
2020-04-14 03:01:20 [urllib3.connectionpool] DEBUG: https://free-proxy-list.net:443 "GET /anonymous-proxy.html HTTP/1.1" 200 None
2020-04-14 03:01:20 [urllib3.connectionpool] DEBUG: Starting new HTTPS connection (1): www.sslproxies.org
2020-04-14 03:01:20 [urllib3.connectionpool] DEBUG: https://www.sslproxies.org:443 "GET / HTTP/1.1" 200 None
2020-04-14 03:01:20 [urllib3.connectionpool] DEBUG: Starting new HTTP connection (1): www.free-proxy-list.net
2020-04-14 03:01:20 [urllib3.connectionpool] DEBUG: http://www.free-proxy-list.net:80 "GET / HTTP/1.1" 301 None
2020-04-14 03:01:20 [urllib3.connectionpool] DEBUG: Starting new HTTPS connection (1): www.free-proxy-list.net
2020-04-14 03:01:20 [urllib3.connectionpool] DEBUG: https://www.free-proxy-list.net:443 "GET / HTTP/1.1" 200 None
2020-04-14 03:01:20 [urllib3.connectionpool] DEBUG: Starting new HTTPS connection (1): www.us-proxy.org
2020-04-14 03:01:20 [urllib3.connectionpool] DEBUG: https://www.us-proxy.org:443 "GET / HTTP/1.1" 200 None
2020-04-14 03:01:21 [urllib3.connectionpool] DEBUG: Starting new HTTP connection (1): www.proxy-daily.com
2020-04-14 03:01:21 [urllib3.connectionpool] DEBUG: http://www.proxy-daily.com:80 "GET / HTTP/1.1" 301 None
2020-04-14 03:01:21 [urllib3.connectionpool] DEBUG: Starting new HTTPS connection (1): www.proxy-daily.com
2020-04-14 03:01:21 [urllib3.connectionpool] DEBUG: https://www.proxy-daily.com:443 "GET / HTTP/1.1" 301 None
2020-04-14 03:01:21 [urllib3.connectionpool] DEBUG: Starting new HTTPS connection (1): proxy-daily.com
2020-04-14 03:01:22 [urllib3.connectionpool] DEBUG: https://proxy-daily.com:443 "GET / HTTP/1.1" 200 None
2020-04-14 03:01:22 [chardet.charsetprober] DEBUG: EUC-JP Japanese prober hit error at byte 30705
2020-04-14 03:01:22 [chardet.charsetprober] DEBUG: GB2312 Chinese prober hit error at byte 30707
2020-04-14 03:01:22 [chardet.charsetprober] DEBUG: EUC-KR Korean prober hit error at byte 30705
2020-04-14 03:01:22 [chardet.charsetprober] DEBUG: CP949 Korean prober hit error at byte 30705
2020-04-14 03:01:22 [chardet.charsetprober] DEBUG: Big5 Chinese prober hit error at byte 30707
2020-04-14 03:01:22 [chardet.charsetprober] DEBUG: EUC-TW Taiwan prober hit error at byte 30705
2020-04-14 03:01:22 [chardet.charsetprober] DEBUG: utf-8  confidence = 0.7525
2020-04-14 03:01:22 [chardet.charsetprober] DEBUG: SHIFT_JIS Japanese confidence = 0.01
2020-04-14 03:01:22 [chardet.charsetprober] DEBUG: EUC-JP not active
2020-04-14 03:01:22 [chardet.charsetprober] DEBUG: GB2312 not active
2020-04-14 03:01:22 [chardet.charsetprober] DEBUG: EUC-KR not active
2020-04-14 03:01:22 [chardet.charsetprober] DEBUG: CP949 not active
2020-04-14 03:01:22 [chardet.charsetprober] DEBUG: Big5 not active
2020-04-14 03:01:22 [chardet.charsetprober] DEBUG: EUC-TW not active
2020-04-14 03:01:22 [chardet.charsetprober] DEBUG: windows-1251 Russian confidence = 0.01
2020-04-14 03:01:22 [chardet.charsetprober] DEBUG: KOI8-R Russian confidence = 0.01
2020-04-14 03:01:22 [chardet.charsetprober] DEBUG: ISO-8859-5 Russian confidence = 0.01
2020-04-14 03:01:22 [chardet.charsetprober] DEBUG: MacCyrillic Russian confidence = 0.0
2020-04-14 03:01:22 [chardet.charsetprober] DEBUG: IBM866 Russian confidence = 0.0
2020-04-14 03:01:22 [chardet.charsetprober] DEBUG: IBM855 Russian confidence = 0.01
2020-04-14 03:01:22 [chardet.charsetprober] DEBUG: ISO-8859-7 Greek confidence = 0.01
2020-04-14 03:01:22 [chardet.charsetprober] DEBUG: windows-1253 Greek confidence = 0.01
2020-04-14 03:01:22 [chardet.charsetprober] DEBUG: ISO-8859-5 Bulgairan confidence = 0.01
2020-04-14 03:01:22 [chardet.charsetprober] DEBUG: windows-1251 Bulgarian confidence = 0.01
2020-04-14 03:01:22 [chardet.charsetprober] DEBUG: TIS-620 Thai confidence = 0.01
2020-04-14 03:01:22 [chardet.charsetprober] DEBUG: ISO-8859-9 Turkish confidence = 0.5244430377560018
2020-04-14 03:01:22 [chardet.charsetprober] DEBUG: windows-1255 Hebrew confidence = 0.0
2020-04-14 03:01:22 [chardet.charsetprober] DEBUG: windows-1255 Hebrew confidence = 0.01
2020-04-14 03:01:22 [chardet.charsetprober] DEBUG: windows-1255 Hebrew confidence = 0.01
2020-04-14 03:01:22 [chardet.charsetprober] DEBUG: utf-8  confidence = 0.7525
2020-04-14 03:01:22 [chardet.charsetprober] DEBUG: SHIFT_JIS Japanese confidence = 0.01
2020-04-14 03:01:22 [chardet.charsetprober] DEBUG: EUC-JP not active
2020-04-14 03:01:22 [chardet.charsetprober] DEBUG: GB2312 not active
2020-04-14 03:01:22 [chardet.charsetprober] DEBUG: EUC-KR not active
2020-04-14 03:01:22 [chardet.charsetprober] DEBUG: CP949 not active
2020-04-14 03:01:22 [chardet.charsetprober] DEBUG: Big5 not active
2020-04-14 03:01:22 [chardet.charsetprober] DEBUG: EUC-TW not active
2020-04-14 03:01:22 [urllib3.connectionpool] DEBUG: Starting new HTTPS connection (1): free-proxy-list.net
2020-04-14 03:01:22 [urllib3.connectionpool] DEBUG: https://free-proxy-list.net:443 "GET /uk-proxy.html HTTP/1.1" 200 None
2020-04-14 03:01:22 [scrapy_proxy_pool.middlewares] DEBUG: [ProxyChoosen] http://66.91.54.191:8080
2020-04-14 03:01:22 [scrapy_proxy_pool.middlewares] DEBUG: [ProxyChoosen] http://65.182.5.212:8080
2020-04-14 03:01:22 [scrapy_proxy_pool.middlewares] DEBUG: [ProxyChoosen] http://73.138.75.151:8080
2020-04-14 03:01:22 [scrapy_proxy_pool.middlewares] DEBUG: [ProxyChoosen] http://34.206.94.224:3128
2020-04-14 03:01:22 [scrapy_proxy_pool.middlewares] DEBUG: [ProxyChoosen] http://64.227.30.107:3128
2020-04-14 03:01:22 [scrapy_proxy_pool.middlewares] DEBUG: [ProxyChoosen] http://192.225.214.132:80
2020-04-14 03:01:22 [scrapy_proxy_pool.middlewares] DEBUG: [ProxyChoosen] http://165.227.179.143:8118
2020-04-14 03:01:22 [scrapy_proxy_pool.middlewares] DEBUG: [ProxyChoosen] http://50.0.51.253:46917
2020-04-14 03:01:22 [scrapy_proxy_pool.middlewares] DEBUG: [ProxyChoosen] http://129.146.138.235:3128
2020-04-14 03:01:22 [scrapy_proxy_pool.middlewares] DEBUG: [ProxyChoosen] http://34.219.106.61:3128
2020-04-14 03:01:22 [scrapy_proxy_pool.middlewares] DEBUG: [ProxyChoosen] http://34.222.105.32:3128
2020-04-14 03:01:22 [scrapy_proxy_pool.middlewares] DEBUG: [ProxyChoosen] http://147.0.153.106:3128
2020-04-14 03:01:22 [scrapy_proxy_pool.middlewares] DEBUG: [ProxyChoosen] http://159.89.53.186:3128
2020-04-14 03:01:22 [scrapy_proxy_pool.middlewares] DEBUG: [ProxyChoosen] http://24.113.42.177:48678
2020-04-14 03:01:22 [scrapy_proxy_pool.middlewares] DEBUG: [ProxyChoosen] http://163.182.169.150:8888
2020-04-14 03:01:22 [scrapy_proxy_pool.middlewares] DEBUG: [ProxyChoosen] http://50.226.151.4:80
2020-04-14 03:01:22 [scrapy_proxy_pool.middlewares] DEBUG: [ProxyChoosen] http://70.169.150.186:48678
2020-04-14 03:01:22 [scrapy_proxy_pool.middlewares] DEBUG: [ProxyChoosen] http://107.178.6.30:8080
2020-04-14 03:01:22 [scrapy_proxy_pool.middlewares] DEBUG: [ProxyChoosen] http://35.198.60.93:3128
2020-04-14 03:01:22 [scrapy_proxy_pool.middlewares] DEBUG: [ProxyChoosen] http://65.182.5.212:8080
2020-04-14 03:01:22 [scrapy_proxy_pool.middlewares] DEBUG: [ProxyChoosen] http://34.222.218.68:3128
2020-04-14 03:01:22 [scrapy_proxy_pool.middlewares] DEBUG: [ProxyChoosen] http://24.113.42.177:48678
2020-04-14 03:01:22 [scrapy_proxy_pool.middlewares] DEBUG: [ProxyChoosen] http://107.178.6.30:8080
2020-04-14 03:01:22 [scrapy_proxy_pool.middlewares] DEBUG: [ProxyChoosen] http://34.222.105.32:3128
2020-04-14 03:01:22 [scrapy_proxy_pool.middlewares] DEBUG: [ProxyChoosen] http://147.0.153.106:3128
2020-04-14 03:01:22 [scrapy_proxy_pool.middlewares] DEBUG: [ProxyChoosen] http://159.89.128.93:3128
2020-04-14 03:01:22 [scrapy_proxy_pool.middlewares] DEBUG: [ProxyChoosen] http://34.219.104.103:3128
2020-04-14 03:01:22 [scrapy_proxy_pool.middlewares] DEBUG: [ProxyChoosen] http://65.182.5.212:8080
2020-04-14 03:01:22 [scrapy_proxy_pool.middlewares] DEBUG: [ProxyChoosen] http://147.0.153.106:3128
2020-04-14 03:01:22 [scrapy_proxy_pool.middlewares] DEBUG: [ProxyChoosen] http://157.230.165.31:3128
2020-04-14 03:01:22 [scrapy_proxy_pool.middlewares] DEBUG: [ProxyChoosen] http://50.226.151.20:80
2020-04-14 03:01:22 [scrapy_proxy_pool.middlewares] DEBUG: [ProxyChoosen] http://107.178.6.30:8080
2020-04-14 03:01:22 [scrapy_proxy_pool.middlewares] DEBUG: Retrying <GET https://stats.ncaa.org/teams/493835> with another proxy (failed 1 times, max retries: 5)
2020-04-14 03:01:22 [scrapy_proxy_pool.middlewares] DEBUG: [ProxyChoosen] http://24.113.38.57:48678
2020-04-14 03:01:23 [scrapy.core.engine] DEBUG: Crawled (200) <GET https://stats.ncaa.org/teams/493833> (referer: None)
2020-04-14 03:01:23 [scrapy_proxy_pool.middlewares] DEBUG: [ProxyChoosen] http://157.230.165.31:3128
2020-04-14 03:05:56 [scrapy.utils.log] INFO: Scrapy 1.7.3 started (bot: laxstatscraper)
2020-04-14 03:05:56 [scrapy.utils.log] INFO: Versions: lxml 4.4.1.0, libxml2 2.9.5, cssselect 1.1.0, parsel 1.5.2, w3lib 1.21.0, Twisted 19.7.0, Python 3.6.4 (v3.6.4:d48eceb, Dec 19 2017, 06:54:40) [MSC v.1900 64 bit (AMD64)], pyOpenSSL 17.5.0 (OpenSSL 1.1.0g  2 Nov 2017), cryptography 2.1.4, Platform Windows-10-10.0.18362-SP0
2020-04-14 03:05:56 [scrapy.crawler] INFO: Overridden settings: {'BOT_NAME': 'laxstatscraper', 'CONCURRENT_REQUESTS': 32, 'LOG_FILE': 'F:\\ReactProjects\\laxstats2\\laxstatscraper\\laxstatscraper\\logs\\dump\\2020-04-14-dump.log', 'NEWSPIDER_MODULE': 'laxstatscraper.spiders', 'SPIDER_MODULES': ['laxstatscraper.spiders'], 'USER_AGENT': 'Mozilla/5.0 (Windows NT 6.1; WOW64) AppleWebKit/537.1 (KHTML, like Gecko) Chrome/22.0.1207.1 Safari/537.1'}
2020-04-14 03:05:56 [scrapy.extensions.telnet] INFO: Telnet Password: cf0916b2bd99e6fc
2020-04-14 03:05:56 [scrapy.middleware] INFO: Enabled extensions:
['scrapy.extensions.corestats.CoreStats',
 'scrapy.extensions.telnet.TelnetConsole',
 'scrapy.extensions.logstats.LogStats']
2020-04-14 03:05:56 [scrapy.middleware] INFO: Enabled downloader middlewares:
['scrapy.downloadermiddlewares.httpauth.HttpAuthMiddleware',
 'scrapy.downloadermiddlewares.downloadtimeout.DownloadTimeoutMiddleware',
 'scrapy.downloadermiddlewares.defaultheaders.DefaultHeadersMiddleware',
 'scrapy.downloadermiddlewares.useragent.UserAgentMiddleware',
 'scrapy.downloadermiddlewares.retry.RetryMiddleware',
 'scrapy.downloadermiddlewares.redirect.MetaRefreshMiddleware',
 'scrapy.downloadermiddlewares.httpcompression.HttpCompressionMiddleware',
 'scrapy.downloadermiddlewares.redirect.RedirectMiddleware',
 'scrapy_proxy_pool.middlewares.ProxyPoolMiddleware',
 'scrapy_proxy_pool.middlewares.BanDetectionMiddleware',
 'scrapy.downloadermiddlewares.cookies.CookiesMiddleware',
 'scrapy.downloadermiddlewares.httpproxy.HttpProxyMiddleware',
 'scrapy.downloadermiddlewares.stats.DownloaderStats']
2020-04-14 03:05:56 [scrapy.middleware] INFO: Enabled spider middlewares:
['scrapy.spidermiddlewares.httperror.HttpErrorMiddleware',
 'scrapy.spidermiddlewares.offsite.OffsiteMiddleware',
 'scrapy.spidermiddlewares.referer.RefererMiddleware',
 'scrapy.spidermiddlewares.urllength.UrlLengthMiddleware',
 'scrapy.spidermiddlewares.depth.DepthMiddleware']
2020-04-14 03:05:57 [scrapy.middleware] INFO: Enabled item pipelines:
['laxstatscraper.pipelines.LaxstatscraperPipeline']
2020-04-14 03:05:57 [scrapy.core.engine] INFO: Spider opened
2020-04-14 03:05:57 [scrapy.extensions.logstats] INFO: Crawled 0 pages (at 0 pages/min), scraped 0 items (at 0 items/min)
2020-04-14 03:05:57 [scrapy.extensions.telnet] INFO: Telnet console listening on 127.0.0.1:6023
2020-04-14 03:05:57 [urllib3.connectionpool] DEBUG: Starting new HTTP connection (1): www.free-proxy-list.net
2020-04-14 03:05:57 [urllib3.connectionpool] DEBUG: http://www.free-proxy-list.net:80 "GET / HTTP/1.1" 301 None
2020-04-14 03:05:57 [urllib3.connectionpool] DEBUG: Starting new HTTPS connection (1): www.free-proxy-list.net
2020-04-14 03:05:57 [urllib3.connectionpool] DEBUG: https://www.free-proxy-list.net:443 "GET / HTTP/1.1" 200 None
2020-04-14 03:05:57 [urllib3.connectionpool] DEBUG: Starting new HTTPS connection (1): www.us-proxy.org
2020-04-14 03:05:57 [urllib3.connectionpool] DEBUG: https://www.us-proxy.org:443 "GET / HTTP/1.1" 200 None
2020-04-14 03:05:57 [urllib3.connectionpool] DEBUG: Starting new HTTP connection (1): www.proxy-daily.com
2020-04-14 03:05:57 [urllib3.connectionpool] DEBUG: http://www.proxy-daily.com:80 "GET / HTTP/1.1" 301 None
2020-04-14 03:05:57 [urllib3.connectionpool] DEBUG: Starting new HTTPS connection (1): www.proxy-daily.com
2020-04-14 03:05:58 [urllib3.connectionpool] DEBUG: https://www.proxy-daily.com:443 "GET / HTTP/1.1" 301 None
2020-04-14 03:05:58 [urllib3.connectionpool] DEBUG: Starting new HTTPS connection (1): proxy-daily.com
2020-04-14 03:05:58 [urllib3.connectionpool] DEBUG: https://proxy-daily.com:443 "GET / HTTP/1.1" 200 None
2020-04-14 03:05:59 [chardet.charsetprober] DEBUG: EUC-JP Japanese prober hit error at byte 30705
2020-04-14 03:05:59 [chardet.charsetprober] DEBUG: GB2312 Chinese prober hit error at byte 30707
2020-04-14 03:05:59 [chardet.charsetprober] DEBUG: EUC-KR Korean prober hit error at byte 30705
2020-04-14 03:05:59 [chardet.charsetprober] DEBUG: CP949 Korean prober hit error at byte 30705
2020-04-14 03:05:59 [chardet.charsetprober] DEBUG: Big5 Chinese prober hit error at byte 30707
2020-04-14 03:05:59 [chardet.charsetprober] DEBUG: EUC-TW Taiwan prober hit error at byte 30705
2020-04-14 03:05:59 [chardet.charsetprober] DEBUG: utf-8  confidence = 0.7525
2020-04-14 03:05:59 [chardet.charsetprober] DEBUG: SHIFT_JIS Japanese confidence = 0.01
2020-04-14 03:05:59 [chardet.charsetprober] DEBUG: EUC-JP not active
2020-04-14 03:05:59 [chardet.charsetprober] DEBUG: GB2312 not active
2020-04-14 03:05:59 [chardet.charsetprober] DEBUG: EUC-KR not active
2020-04-14 03:05:59 [chardet.charsetprober] DEBUG: CP949 not active
2020-04-14 03:05:59 [chardet.charsetprober] DEBUG: Big5 not active
2020-04-14 03:05:59 [chardet.charsetprober] DEBUG: EUC-TW not active
2020-04-14 03:05:59 [chardet.charsetprober] DEBUG: windows-1251 Russian confidence = 0.01
2020-04-14 03:05:59 [chardet.charsetprober] DEBUG: KOI8-R Russian confidence = 0.01
2020-04-14 03:05:59 [chardet.charsetprober] DEBUG: ISO-8859-5 Russian confidence = 0.01
2020-04-14 03:05:59 [chardet.charsetprober] DEBUG: MacCyrillic Russian confidence = 0.0
2020-04-14 03:05:59 [chardet.charsetprober] DEBUG: IBM866 Russian confidence = 0.0
2020-04-14 03:05:59 [chardet.charsetprober] DEBUG: IBM855 Russian confidence = 0.01
2020-04-14 03:05:59 [chardet.charsetprober] DEBUG: ISO-8859-7 Greek confidence = 0.01
2020-04-14 03:05:59 [chardet.charsetprober] DEBUG: windows-1253 Greek confidence = 0.01
2020-04-14 03:05:59 [chardet.charsetprober] DEBUG: ISO-8859-5 Bulgairan confidence = 0.01
2020-04-14 03:05:59 [chardet.charsetprober] DEBUG: windows-1251 Bulgarian confidence = 0.01
2020-04-14 03:05:59 [chardet.charsetprober] DEBUG: TIS-620 Thai confidence = 0.01
2020-04-14 03:05:59 [chardet.charsetprober] DEBUG: ISO-8859-9 Turkish confidence = 0.5241174294087542
2020-04-14 03:05:59 [chardet.charsetprober] DEBUG: windows-1255 Hebrew confidence = 0.0
2020-04-14 03:05:59 [chardet.charsetprober] DEBUG: windows-1255 Hebrew confidence = 0.01
2020-04-14 03:05:59 [chardet.charsetprober] DEBUG: windows-1255 Hebrew confidence = 0.01
2020-04-14 03:05:59 [chardet.charsetprober] DEBUG: utf-8  confidence = 0.7525
2020-04-14 03:05:59 [chardet.charsetprober] DEBUG: SHIFT_JIS Japanese confidence = 0.01
2020-04-14 03:05:59 [chardet.charsetprober] DEBUG: EUC-JP not active
2020-04-14 03:05:59 [chardet.charsetprober] DEBUG: GB2312 not active
2020-04-14 03:05:59 [chardet.charsetprober] DEBUG: EUC-KR not active
2020-04-14 03:05:59 [chardet.charsetprober] DEBUG: CP949 not active
2020-04-14 03:05:59 [chardet.charsetprober] DEBUG: Big5 not active
2020-04-14 03:05:59 [chardet.charsetprober] DEBUG: EUC-TW not active
2020-04-14 03:05:59 [urllib3.connectionpool] DEBUG: Starting new HTTPS connection (1): www.sslproxies.org
2020-04-14 03:05:59 [urllib3.connectionpool] DEBUG: https://www.sslproxies.org:443 "GET / HTTP/1.1" 200 None
2020-04-14 03:05:59 [urllib3.connectionpool] DEBUG: Starting new HTTPS connection (1): free-proxy-list.net
2020-04-14 03:05:59 [urllib3.connectionpool] DEBUG: https://free-proxy-list.net:443 "GET /anonymous-proxy.html HTTP/1.1" 200 None
2020-04-14 03:05:59 [urllib3.connectionpool] DEBUG: Starting new HTTPS connection (1): free-proxy-list.net
2020-04-14 03:06:00 [urllib3.connectionpool] DEBUG: https://free-proxy-list.net:443 "GET /uk-proxy.html HTTP/1.1" 200 None
2020-04-14 03:06:00 [scrapy_proxy_pool.middlewares] DEBUG: [ProxyChoosen] http://54.202.69.188:3128
2020-04-14 03:06:00 [scrapy_proxy_pool.middlewares] DEBUG: [ProxyChoosen] http://163.182.169.150:8888
2020-04-14 03:06:00 [scrapy_proxy_pool.middlewares] DEBUG: [ProxyChoosen] http://34.219.94.73:3128
2020-04-14 03:06:00 [scrapy_proxy_pool.middlewares] DEBUG: [ProxyChoosen] http://65.182.5.212:8080
2020-04-14 03:06:00 [scrapy_proxy_pool.middlewares] DEBUG: [ProxyChoosen] http://54.202.169.246:3128
2020-04-14 03:06:00 [scrapy_proxy_pool.middlewares] DEBUG: [ProxyChoosen] http://35.198.60.93:3128
2020-04-14 03:06:00 [scrapy_proxy_pool.middlewares] DEBUG: [ProxyChoosen] http://50.226.151.20:80
2020-04-14 03:06:00 [scrapy_proxy_pool.middlewares] DEBUG: [ProxyChoosen] http://18.236.213.67:3128
2020-04-14 03:06:00 [scrapy_proxy_pool.middlewares] DEBUG: [ProxyChoosen] http://23.91.219.238:8080
2020-04-14 03:06:00 [scrapy_proxy_pool.middlewares] DEBUG: [ProxyChoosen] http://163.182.169.150:8888
2020-04-14 03:06:00 [scrapy_proxy_pool.middlewares] DEBUG: [ProxyChoosen] http://34.222.244.63:3128
2020-04-14 03:06:00 [scrapy_proxy_pool.middlewares] DEBUG: [ProxyChoosen] http://34.219.94.73:3128
2020-04-14 03:06:00 [scrapy_proxy_pool.middlewares] DEBUG: [ProxyChoosen] http://157.230.155.18:3128
2020-04-14 03:06:00 [scrapy_proxy_pool.middlewares] DEBUG: [ProxyChoosen] http://18.234.119.7:3128
2020-04-14 03:06:00 [scrapy_proxy_pool.middlewares] DEBUG: [ProxyChoosen] http://54.214.60.134:3128
2020-04-14 03:06:00 [scrapy_proxy_pool.middlewares] DEBUG: [ProxyChoosen] http://167.172.138.162:8080
2020-04-14 03:06:00 [scrapy_proxy_pool.middlewares] DEBUG: [ProxyChoosen] http://50.226.151.20:80
2020-04-14 03:06:00 [scrapy_proxy_pool.middlewares] DEBUG: [ProxyChoosen] http://138.197.32.120:3128
2020-04-14 03:06:00 [scrapy_proxy_pool.middlewares] DEBUG: [ProxyChoosen] http://50.201.51.216:8080
2020-04-14 03:06:00 [scrapy_proxy_pool.middlewares] DEBUG: [ProxyChoosen] http://159.89.128.93:3128
2020-04-14 03:06:00 [scrapy_proxy_pool.middlewares] DEBUG: [ProxyChoosen] http://157.230.155.18:3128
2020-04-14 03:06:00 [scrapy_proxy_pool.middlewares] DEBUG: [ProxyChoosen] http://184.180.90.226:8080
2020-04-14 03:06:00 [scrapy_proxy_pool.middlewares] DEBUG: [ProxyChoosen] http://70.165.64.210:48678
2020-04-14 03:06:00 [scrapy_proxy_pool.middlewares] DEBUG: [ProxyChoosen] http://173.208.198.218:3128
2020-04-14 03:06:00 [scrapy_proxy_pool.middlewares] DEBUG: [ProxyChoosen] http://165.227.203.83:3128
2020-04-14 03:06:00 [scrapy_proxy_pool.middlewares] DEBUG: [ProxyChoosen] http://18.237.91.70:3128
2020-04-14 03:06:00 [scrapy_proxy_pool.middlewares] DEBUG: [ProxyChoosen] http://65.182.5.212:8080
2020-04-14 03:06:00 [scrapy_proxy_pool.middlewares] DEBUG: [ProxyChoosen] http://66.91.54.191:8080
2020-04-14 03:06:00 [scrapy_proxy_pool.middlewares] DEBUG: [ProxyChoosen] http://165.227.203.83:3128
2020-04-14 03:06:00 [scrapy_proxy_pool.middlewares] DEBUG: [ProxyChoosen] http://138.197.32.120:3128
2020-04-14 03:06:00 [scrapy_proxy_pool.middlewares] DEBUG: [ProxyChoosen] http://168.169.146.12:8080
2020-04-14 03:06:00 [scrapy_proxy_pool.middlewares] DEBUG: [ProxyChoosen] http://159.89.53.186:3128
2020-04-14 03:06:01 [scrapy.core.engine] DEBUG: Crawled (200) <GET https://stats.ncaa.org/teams/493847> (referer: None)
2020-04-14 03:06:01 [scrapy_proxy_pool.middlewares] DEBUG: [ProxyChoosen] http://157.52.250.2:3128
2020-04-14 03:06:01 [scrapy.core.engine] DEBUG: Crawled (200) <GET https://stats.ncaa.org/teams/493859> (referer: None)
2020-04-14 03:06:01 [scrapy_proxy_pool.middlewares] DEBUG: [ProxyChoosen] http://51.81.96.7:80
2020-04-14 03:15:32 [scrapy.utils.log] INFO: Scrapy 1.7.3 started (bot: laxstatscraper)
2020-04-14 03:15:32 [scrapy.utils.log] INFO: Versions: lxml 4.4.1.0, libxml2 2.9.5, cssselect 1.1.0, parsel 1.5.2, w3lib 1.21.0, Twisted 19.7.0, Python 3.6.4 (v3.6.4:d48eceb, Dec 19 2017, 06:54:40) [MSC v.1900 64 bit (AMD64)], pyOpenSSL 17.5.0 (OpenSSL 1.1.0g  2 Nov 2017), cryptography 2.1.4, Platform Windows-10-10.0.18362-SP0
2020-04-14 03:15:32 [scrapy.crawler] INFO: Overridden settings: {'BOT_NAME': 'laxstatscraper', 'CONCURRENT_REQUESTS': 32, 'LOG_FILE': 'F:\\ReactProjects\\laxstats2\\laxstatscraper\\laxstatscraper\\logs\\dump\\2020-04-14-dump.log', 'NEWSPIDER_MODULE': 'laxstatscraper.spiders', 'SPIDER_MODULES': ['laxstatscraper.spiders'], 'USER_AGENT': 'Mozilla/5.0 (Windows NT 6.1; WOW64) AppleWebKit/537.1 (KHTML, like Gecko) Chrome/22.0.1207.1 Safari/537.1'}
2020-04-14 03:15:32 [scrapy.extensions.telnet] INFO: Telnet Password: 1c3bd1ecd5935da9
2020-04-14 03:15:32 [scrapy.middleware] INFO: Enabled extensions:
['scrapy.extensions.corestats.CoreStats',
 'scrapy.extensions.telnet.TelnetConsole',
 'scrapy.extensions.logstats.LogStats']
2020-04-14 03:15:32 [scrapy.middleware] INFO: Enabled downloader middlewares:
['scrapy.downloadermiddlewares.httpauth.HttpAuthMiddleware',
 'scrapy.downloadermiddlewares.downloadtimeout.DownloadTimeoutMiddleware',
 'scrapy.downloadermiddlewares.defaultheaders.DefaultHeadersMiddleware',
 'scrapy.downloadermiddlewares.useragent.UserAgentMiddleware',
 'scrapy.downloadermiddlewares.retry.RetryMiddleware',
 'scrapy.downloadermiddlewares.redirect.MetaRefreshMiddleware',
 'scrapy.downloadermiddlewares.httpcompression.HttpCompressionMiddleware',
 'scrapy.downloadermiddlewares.redirect.RedirectMiddleware',
 'scrapy_proxy_pool.middlewares.ProxyPoolMiddleware',
 'scrapy_proxy_pool.middlewares.BanDetectionMiddleware',
 'scrapy.downloadermiddlewares.cookies.CookiesMiddleware',
 'scrapy.downloadermiddlewares.httpproxy.HttpProxyMiddleware',
 'scrapy.downloadermiddlewares.stats.DownloaderStats']
2020-04-14 03:15:32 [scrapy.middleware] INFO: Enabled spider middlewares:
['scrapy.spidermiddlewares.httperror.HttpErrorMiddleware',
 'scrapy.spidermiddlewares.offsite.OffsiteMiddleware',
 'scrapy.spidermiddlewares.referer.RefererMiddleware',
 'scrapy.spidermiddlewares.urllength.UrlLengthMiddleware',
 'scrapy.spidermiddlewares.depth.DepthMiddleware']
2020-04-14 03:15:33 [scrapy.middleware] INFO: Enabled item pipelines:
['laxstatscraper.pipelines.LaxstatscraperPipeline']
2020-04-14 03:15:33 [scrapy.core.engine] INFO: Spider opened
2020-04-14 03:15:33 [scrapy.extensions.logstats] INFO: Crawled 0 pages (at 0 pages/min), scraped 0 items (at 0 items/min)
2020-04-14 03:15:33 [scrapy.extensions.telnet] INFO: Telnet console listening on 127.0.0.1:6023
2020-04-14 03:15:33 [urllib3.connectionpool] DEBUG: Starting new HTTPS connection (1): free-proxy-list.net
2020-04-14 03:15:33 [urllib3.connectionpool] DEBUG: https://free-proxy-list.net:443 "GET /uk-proxy.html HTTP/1.1" 200 None
2020-04-14 03:15:33 [urllib3.connectionpool] DEBUG: Starting new HTTPS connection (1): www.us-proxy.org
2020-04-14 03:15:33 [urllib3.connectionpool] DEBUG: https://www.us-proxy.org:443 "GET / HTTP/1.1" 200 None
2020-04-14 03:15:33 [urllib3.connectionpool] DEBUG: Starting new HTTP connection (1): www.free-proxy-list.net
2020-04-14 03:15:34 [urllib3.connectionpool] DEBUG: http://www.free-proxy-list.net:80 "GET / HTTP/1.1" 301 None
2020-04-14 03:15:34 [urllib3.connectionpool] DEBUG: Starting new HTTPS connection (1): www.free-proxy-list.net
2020-04-14 03:15:34 [urllib3.connectionpool] DEBUG: https://www.free-proxy-list.net:443 "GET / HTTP/1.1" 200 None
2020-04-14 03:15:34 [urllib3.connectionpool] DEBUG: Starting new HTTPS connection (1): free-proxy-list.net
2020-04-14 03:15:34 [urllib3.connectionpool] DEBUG: https://free-proxy-list.net:443 "GET /anonymous-proxy.html HTTP/1.1" 200 None
2020-04-14 03:15:34 [urllib3.connectionpool] DEBUG: Starting new HTTP connection (1): www.proxy-daily.com
2020-04-14 03:15:34 [urllib3.connectionpool] DEBUG: http://www.proxy-daily.com:80 "GET / HTTP/1.1" 301 None
2020-04-14 03:15:34 [urllib3.connectionpool] DEBUG: Starting new HTTPS connection (1): www.proxy-daily.com
2020-04-14 03:15:35 [urllib3.connectionpool] DEBUG: https://www.proxy-daily.com:443 "GET / HTTP/1.1" 301 None
2020-04-14 03:15:35 [urllib3.connectionpool] DEBUG: Starting new HTTPS connection (1): proxy-daily.com
2020-04-14 03:15:35 [urllib3.connectionpool] DEBUG: https://proxy-daily.com:443 "GET / HTTP/1.1" 200 None
2020-04-14 03:15:35 [chardet.charsetprober] DEBUG: EUC-JP Japanese prober hit error at byte 30705
2020-04-14 03:15:35 [chardet.charsetprober] DEBUG: GB2312 Chinese prober hit error at byte 30707
2020-04-14 03:15:35 [chardet.charsetprober] DEBUG: EUC-KR Korean prober hit error at byte 30705
2020-04-14 03:15:35 [chardet.charsetprober] DEBUG: CP949 Korean prober hit error at byte 30705
2020-04-14 03:15:35 [chardet.charsetprober] DEBUG: Big5 Chinese prober hit error at byte 30707
2020-04-14 03:15:35 [chardet.charsetprober] DEBUG: EUC-TW Taiwan prober hit error at byte 30705
2020-04-14 03:15:36 [chardet.charsetprober] DEBUG: utf-8  confidence = 0.7525
2020-04-14 03:15:36 [chardet.charsetprober] DEBUG: SHIFT_JIS Japanese confidence = 0.01
2020-04-14 03:15:36 [chardet.charsetprober] DEBUG: EUC-JP not active
2020-04-14 03:15:36 [chardet.charsetprober] DEBUG: GB2312 not active
2020-04-14 03:15:36 [chardet.charsetprober] DEBUG: EUC-KR not active
2020-04-14 03:15:36 [chardet.charsetprober] DEBUG: CP949 not active
2020-04-14 03:15:36 [chardet.charsetprober] DEBUG: Big5 not active
2020-04-14 03:15:36 [chardet.charsetprober] DEBUG: EUC-TW not active
2020-04-14 03:15:36 [chardet.charsetprober] DEBUG: windows-1251 Russian confidence = 0.01
2020-04-14 03:15:36 [chardet.charsetprober] DEBUG: KOI8-R Russian confidence = 0.01
2020-04-14 03:15:36 [chardet.charsetprober] DEBUG: ISO-8859-5 Russian confidence = 0.01
2020-04-14 03:15:36 [chardet.charsetprober] DEBUG: MacCyrillic Russian confidence = 0.0
2020-04-14 03:15:36 [chardet.charsetprober] DEBUG: IBM866 Russian confidence = 0.0
2020-04-14 03:15:36 [chardet.charsetprober] DEBUG: IBM855 Russian confidence = 0.01
2020-04-14 03:15:36 [chardet.charsetprober] DEBUG: ISO-8859-7 Greek confidence = 0.01
2020-04-14 03:15:36 [chardet.charsetprober] DEBUG: windows-1253 Greek confidence = 0.01
2020-04-14 03:15:36 [chardet.charsetprober] DEBUG: ISO-8859-5 Bulgairan confidence = 0.01
2020-04-14 03:15:36 [chardet.charsetprober] DEBUG: windows-1251 Bulgarian confidence = 0.01
2020-04-14 03:15:36 [chardet.charsetprober] DEBUG: TIS-620 Thai confidence = 0.01
2020-04-14 03:15:36 [chardet.charsetprober] DEBUG: ISO-8859-9 Turkish confidence = 0.5246539824025386
2020-04-14 03:15:36 [chardet.charsetprober] DEBUG: windows-1255 Hebrew confidence = 0.0
2020-04-14 03:15:36 [chardet.charsetprober] DEBUG: windows-1255 Hebrew confidence = 0.01
2020-04-14 03:15:36 [chardet.charsetprober] DEBUG: windows-1255 Hebrew confidence = 0.01
2020-04-14 03:15:36 [chardet.charsetprober] DEBUG: utf-8  confidence = 0.7525
2020-04-14 03:15:36 [chardet.charsetprober] DEBUG: SHIFT_JIS Japanese confidence = 0.01
2020-04-14 03:15:36 [chardet.charsetprober] DEBUG: EUC-JP not active
2020-04-14 03:15:36 [chardet.charsetprober] DEBUG: GB2312 not active
2020-04-14 03:15:36 [chardet.charsetprober] DEBUG: EUC-KR not active
2020-04-14 03:15:36 [chardet.charsetprober] DEBUG: CP949 not active
2020-04-14 03:15:36 [chardet.charsetprober] DEBUG: Big5 not active
2020-04-14 03:15:36 [chardet.charsetprober] DEBUG: EUC-TW not active
2020-04-14 03:15:36 [urllib3.connectionpool] DEBUG: Starting new HTTPS connection (1): www.sslproxies.org
2020-04-14 03:15:36 [urllib3.connectionpool] DEBUG: https://www.sslproxies.org:443 "GET / HTTP/1.1" 200 None
2020-04-14 03:15:36 [scrapy_proxy_pool.middlewares] DEBUG: [ProxyChoosen] http://159.89.146.6:3128
2020-04-14 03:15:36 [scrapy_proxy_pool.middlewares] DEBUG: [ProxyChoosen] http://34.219.104.103:3128
2020-04-14 03:15:36 [scrapy_proxy_pool.middlewares] DEBUG: [ProxyChoosen] http://3.94.59.144:3128
2020-04-14 03:15:36 [scrapy_proxy_pool.middlewares] DEBUG: [ProxyChoosen] http://34.222.244.63:3128
2020-04-14 03:15:36 [scrapy_proxy_pool.middlewares] DEBUG: [ProxyChoosen] http://54.202.69.188:3128
2020-04-14 03:15:36 [scrapy_proxy_pool.middlewares] DEBUG: [ProxyChoosen] http://69.9.238.22:8080
2020-04-14 03:15:36 [scrapy_proxy_pool.middlewares] DEBUG: [ProxyChoosen] http://104.245.69.17:3128
2020-04-14 03:15:36 [scrapy_proxy_pool.middlewares] DEBUG: [ProxyChoosen] http://64.225.31.63:1080
2020-04-14 03:15:36 [scrapy_proxy_pool.middlewares] DEBUG: [ProxyChoosen] http://34.222.218.68:3128
2020-04-14 03:15:36 [scrapy_proxy_pool.middlewares] DEBUG: [ProxyChoosen] http://64.225.31.63:1080
2020-04-14 03:15:36 [scrapy_proxy_pool.middlewares] DEBUG: [ProxyChoosen] http://34.222.244.63:3128
2020-04-14 03:15:36 [scrapy_proxy_pool.middlewares] DEBUG: [ProxyChoosen] http://50.201.51.216:8080
2020-04-14 03:15:36 [scrapy_proxy_pool.middlewares] DEBUG: [ProxyChoosen] http://34.222.218.68:3128
2020-04-14 03:15:36 [scrapy_proxy_pool.middlewares] DEBUG: [ProxyChoosen] http://34.206.94.224:3128
2020-04-14 03:15:36 [scrapy_proxy_pool.middlewares] DEBUG: [ProxyChoosen] http://159.65.43.38:8118
2020-04-14 03:15:36 [scrapy_proxy_pool.middlewares] DEBUG: [ProxyChoosen] http://157.52.250.2:3128
2020-04-14 03:15:36 [scrapy_proxy_pool.middlewares] DEBUG: [ProxyChoosen] http://159.89.128.93:3128
2020-04-14 03:15:36 [scrapy_proxy_pool.middlewares] DEBUG: [ProxyChoosen] http://207.183.187.188:8080
2020-04-14 03:15:36 [scrapy_proxy_pool.middlewares] DEBUG: [ProxyChoosen] http://73.181.95.147:80
2020-04-14 03:15:36 [scrapy_proxy_pool.middlewares] DEBUG: [ProxyChoosen] http://168.169.146.12:8080
2020-04-14 03:15:36 [scrapy_proxy_pool.middlewares] DEBUG: [ProxyChoosen] http://50.201.51.216:8080
2020-04-14 03:15:36 [scrapy_proxy_pool.middlewares] DEBUG: [ProxyChoosen] http://165.227.203.83:3128
2020-04-14 03:15:36 [scrapy_proxy_pool.middlewares] DEBUG: [ProxyChoosen] http://54.214.60.134:3128
2020-04-14 03:15:36 [scrapy_proxy_pool.middlewares] DEBUG: [ProxyChoosen] http://50.201.51.216:8080
2020-04-14 03:15:36 [scrapy_proxy_pool.middlewares] DEBUG: [ProxyChoosen] http://65.49.222.187:8080
2020-04-14 03:15:36 [scrapy_proxy_pool.middlewares] DEBUG: [ProxyChoosen] http://34.73.72.29:80
2020-04-14 03:15:36 [scrapy_proxy_pool.middlewares] DEBUG: [ProxyChoosen] http://165.227.179.143:8118
2020-04-14 03:15:36 [scrapy_proxy_pool.middlewares] DEBUG: [ProxyChoosen] http://34.222.244.63:3128
2020-04-14 03:15:36 [scrapy_proxy_pool.middlewares] DEBUG: [ProxyChoosen] http://34.220.140.231:3128
2020-04-14 03:15:36 [scrapy_proxy_pool.middlewares] DEBUG: [ProxyChoosen] http://104.245.69.17:3128
2020-04-14 03:15:36 [scrapy_proxy_pool.middlewares] DEBUG: [ProxyChoosen] http://50.0.51.253:46917
2020-04-14 03:15:36 [scrapy_proxy_pool.middlewares] DEBUG: [ProxyChoosen] http://64.225.24.13:3128
2020-04-14 03:15:36 [scrapy_proxy_pool.middlewares] DEBUG: Retrying <GET https://stats.ncaa.org/team/180/stats/15203> with another proxy (failed 1 times, max retries: 5)
2020-04-14 03:15:36 [scrapy_proxy_pool.middlewares] DEBUG: [ProxyChoosen] http://24.113.42.169:48678
2020-04-14 03:15:36 [scrapy_proxy_pool.middlewares] DEBUG: Retrying <GET https://stats.ncaa.org/team/283/stats/15203> with another proxy (failed 1 times, max retries: 5)
2020-04-14 03:15:36 [scrapy_proxy_pool.middlewares] DEBUG: [ProxyChoosen] http://167.172.138.162:8080
2020-04-14 03:15:36 [scrapy_proxy_pool.middlewares] DEBUG: Retrying <GET https://stats.ncaa.org/team/191/stats/15203> with another proxy (failed 1 times, max retries: 5)
2020-04-14 03:15:36 [scrapy_proxy_pool.middlewares] DEBUG: [ProxyChoosen] http://34.219.89.232:3128
2020-04-14 03:15:37 [scrapy.core.engine] DEBUG: Crawled (200) <GET https://stats.ncaa.org/team/220/stats/15203> (referer: None)
2020-04-14 03:15:37 [scrapy_proxy_pool.middlewares] DEBUG: [ProxyChoosen] http://64.227.30.107:3128
2020-04-14 03:15:37 [scrapy.core.engine] DEBUG: Crawled (200) <GET https://stats.ncaa.org/team/172/stats/15203> (referer: None)
2020-04-14 03:15:37 [scrapy_proxy_pool.middlewares] DEBUG: [ProxyChoosen] http://150.238.61.153:16379
2020-04-14 03:21:14 [scrapy.utils.log] INFO: Scrapy 1.7.3 started (bot: laxstatscraper)
2020-04-14 03:21:14 [scrapy.utils.log] INFO: Versions: lxml 4.4.1.0, libxml2 2.9.5, cssselect 1.1.0, parsel 1.5.2, w3lib 1.21.0, Twisted 19.7.0, Python 3.6.4 (v3.6.4:d48eceb, Dec 19 2017, 06:54:40) [MSC v.1900 64 bit (AMD64)], pyOpenSSL 17.5.0 (OpenSSL 1.1.0g  2 Nov 2017), cryptography 2.1.4, Platform Windows-10-10.0.18362-SP0
2020-04-14 03:21:14 [scrapy.crawler] INFO: Overridden settings: {'BOT_NAME': 'laxstatscraper', 'CONCURRENT_REQUESTS': 32, 'LOG_FILE': 'F:\\ReactProjects\\laxstats2\\laxstatscraper\\laxstatscraper\\logs\\dump\\2020-04-14-dump.log', 'NEWSPIDER_MODULE': 'laxstatscraper.spiders', 'SPIDER_MODULES': ['laxstatscraper.spiders'], 'USER_AGENT': 'Mozilla/5.0 (Windows NT 6.1; WOW64) AppleWebKit/537.1 (KHTML, like Gecko) Chrome/22.0.1207.1 Safari/537.1'}
2020-04-14 03:21:14 [scrapy.extensions.telnet] INFO: Telnet Password: 03fe950dd1b55bd9
2020-04-14 03:21:14 [scrapy.middleware] INFO: Enabled extensions:
['scrapy.extensions.corestats.CoreStats',
 'scrapy.extensions.telnet.TelnetConsole',
 'scrapy.extensions.logstats.LogStats']
2020-04-14 03:21:14 [scrapy.middleware] INFO: Enabled downloader middlewares:
['scrapy.downloadermiddlewares.httpauth.HttpAuthMiddleware',
 'scrapy.downloadermiddlewares.downloadtimeout.DownloadTimeoutMiddleware',
 'scrapy.downloadermiddlewares.defaultheaders.DefaultHeadersMiddleware',
 'scrapy.downloadermiddlewares.useragent.UserAgentMiddleware',
 'scrapy.downloadermiddlewares.retry.RetryMiddleware',
 'scrapy.downloadermiddlewares.redirect.MetaRefreshMiddleware',
 'scrapy.downloadermiddlewares.httpcompression.HttpCompressionMiddleware',
 'scrapy.downloadermiddlewares.redirect.RedirectMiddleware',
 'scrapy_proxy_pool.middlewares.ProxyPoolMiddleware',
 'scrapy_proxy_pool.middlewares.BanDetectionMiddleware',
 'scrapy.downloadermiddlewares.cookies.CookiesMiddleware',
 'scrapy.downloadermiddlewares.httpproxy.HttpProxyMiddleware',
 'scrapy.downloadermiddlewares.stats.DownloaderStats']
2020-04-14 03:21:14 [scrapy.middleware] INFO: Enabled spider middlewares:
['scrapy.spidermiddlewares.httperror.HttpErrorMiddleware',
 'scrapy.spidermiddlewares.offsite.OffsiteMiddleware',
 'scrapy.spidermiddlewares.referer.RefererMiddleware',
 'scrapy.spidermiddlewares.urllength.UrlLengthMiddleware',
 'scrapy.spidermiddlewares.depth.DepthMiddleware']
2020-04-14 03:21:14 [scrapy.middleware] INFO: Enabled item pipelines:
['laxstatscraper.pipelines.LaxstatscraperPipeline']
2020-04-14 03:21:14 [scrapy.core.engine] INFO: Spider opened
2020-04-14 03:21:14 [scrapy.extensions.logstats] INFO: Crawled 0 pages (at 0 pages/min), scraped 0 items (at 0 items/min)
2020-04-14 03:21:14 [scrapy.extensions.telnet] INFO: Telnet console listening on 127.0.0.1:6023
2020-04-14 03:21:14 [urllib3.connectionpool] DEBUG: Starting new HTTPS connection (1): www.us-proxy.org
2020-04-14 03:21:15 [urllib3.connectionpool] DEBUG: https://www.us-proxy.org:443 "GET / HTTP/1.1" 200 None
2020-04-14 03:21:15 [urllib3.connectionpool] DEBUG: Starting new HTTP connection (1): www.free-proxy-list.net
2020-04-14 03:21:15 [urllib3.connectionpool] DEBUG: http://www.free-proxy-list.net:80 "GET / HTTP/1.1" 301 None
2020-04-14 03:21:15 [urllib3.connectionpool] DEBUG: Starting new HTTPS connection (1): www.free-proxy-list.net
2020-04-14 03:21:15 [urllib3.connectionpool] DEBUG: https://www.free-proxy-list.net:443 "GET / HTTP/1.1" 200 None
2020-04-14 03:21:15 [urllib3.connectionpool] DEBUG: Starting new HTTPS connection (1): free-proxy-list.net
2020-04-14 03:21:15 [urllib3.connectionpool] DEBUG: https://free-proxy-list.net:443 "GET /uk-proxy.html HTTP/1.1" 200 None
2020-04-14 03:21:15 [urllib3.connectionpool] DEBUG: Starting new HTTPS connection (1): free-proxy-list.net
2020-04-14 03:21:15 [urllib3.connectionpool] DEBUG: https://free-proxy-list.net:443 "GET /anonymous-proxy.html HTTP/1.1" 200 None
2020-04-14 03:21:15 [urllib3.connectionpool] DEBUG: Starting new HTTP connection (1): www.proxy-daily.com
2020-04-14 03:21:15 [urllib3.connectionpool] DEBUG: http://www.proxy-daily.com:80 "GET / HTTP/1.1" 301 None
2020-04-14 03:21:15 [urllib3.connectionpool] DEBUG: Starting new HTTPS connection (1): www.proxy-daily.com
2020-04-14 03:21:16 [urllib3.connectionpool] DEBUG: https://www.proxy-daily.com:443 "GET / HTTP/1.1" 301 None
2020-04-14 03:21:16 [urllib3.connectionpool] DEBUG: Starting new HTTPS connection (1): proxy-daily.com
2020-04-14 03:21:16 [urllib3.connectionpool] DEBUG: https://proxy-daily.com:443 "GET / HTTP/1.1" 200 None
2020-04-14 03:21:17 [chardet.charsetprober] DEBUG: EUC-JP Japanese prober hit error at byte 30713
2020-04-14 03:21:17 [chardet.charsetprober] DEBUG: GB2312 Chinese prober hit error at byte 30715
2020-04-14 03:21:17 [chardet.charsetprober] DEBUG: EUC-KR Korean prober hit error at byte 30713
2020-04-14 03:21:17 [chardet.charsetprober] DEBUG: CP949 Korean prober hit error at byte 30713
2020-04-14 03:21:17 [chardet.charsetprober] DEBUG: Big5 Chinese prober hit error at byte 30715
2020-04-14 03:21:17 [chardet.charsetprober] DEBUG: EUC-TW Taiwan prober hit error at byte 30713
2020-04-14 03:21:17 [chardet.charsetprober] DEBUG: utf-8  confidence = 0.7525
2020-04-14 03:21:17 [chardet.charsetprober] DEBUG: SHIFT_JIS Japanese confidence = 0.01
2020-04-14 03:21:17 [chardet.charsetprober] DEBUG: EUC-JP not active
2020-04-14 03:21:17 [chardet.charsetprober] DEBUG: GB2312 not active
2020-04-14 03:21:17 [chardet.charsetprober] DEBUG: EUC-KR not active
2020-04-14 03:21:17 [chardet.charsetprober] DEBUG: CP949 not active
2020-04-14 03:21:17 [chardet.charsetprober] DEBUG: Big5 not active
2020-04-14 03:21:17 [chardet.charsetprober] DEBUG: EUC-TW not active
2020-04-14 03:21:17 [chardet.charsetprober] DEBUG: windows-1251 Russian confidence = 0.01
2020-04-14 03:21:17 [chardet.charsetprober] DEBUG: KOI8-R Russian confidence = 0.01
2020-04-14 03:21:17 [chardet.charsetprober] DEBUG: ISO-8859-5 Russian confidence = 0.01
2020-04-14 03:21:17 [chardet.charsetprober] DEBUG: MacCyrillic Russian confidence = 0.0
2020-04-14 03:21:17 [chardet.charsetprober] DEBUG: IBM866 Russian confidence = 0.0
2020-04-14 03:21:17 [chardet.charsetprober] DEBUG: IBM855 Russian confidence = 0.01
2020-04-14 03:21:17 [chardet.charsetprober] DEBUG: ISO-8859-7 Greek confidence = 0.01
2020-04-14 03:21:17 [chardet.charsetprober] DEBUG: windows-1253 Greek confidence = 0.01
2020-04-14 03:21:17 [chardet.charsetprober] DEBUG: ISO-8859-5 Bulgairan confidence = 0.01
2020-04-14 03:21:17 [chardet.charsetprober] DEBUG: windows-1251 Bulgarian confidence = 0.01
2020-04-14 03:21:17 [chardet.charsetprober] DEBUG: TIS-620 Thai confidence = 0.01
2020-04-14 03:21:17 [chardet.charsetprober] DEBUG: ISO-8859-9 Turkish confidence = 0.5235733794368346
2020-04-14 03:21:17 [chardet.charsetprober] DEBUG: windows-1255 Hebrew confidence = 0.0
2020-04-14 03:21:17 [chardet.charsetprober] DEBUG: windows-1255 Hebrew confidence = 0.01
2020-04-14 03:21:17 [chardet.charsetprober] DEBUG: windows-1255 Hebrew confidence = 0.01
2020-04-14 03:21:17 [chardet.charsetprober] DEBUG: utf-8  confidence = 0.7525
2020-04-14 03:21:17 [chardet.charsetprober] DEBUG: SHIFT_JIS Japanese confidence = 0.01
2020-04-14 03:21:17 [chardet.charsetprober] DEBUG: EUC-JP not active
2020-04-14 03:21:17 [chardet.charsetprober] DEBUG: GB2312 not active
2020-04-14 03:21:17 [chardet.charsetprober] DEBUG: EUC-KR not active
2020-04-14 03:21:17 [chardet.charsetprober] DEBUG: CP949 not active
2020-04-14 03:21:17 [chardet.charsetprober] DEBUG: Big5 not active
2020-04-14 03:21:17 [chardet.charsetprober] DEBUG: EUC-TW not active
2020-04-14 03:21:17 [urllib3.connectionpool] DEBUG: Starting new HTTPS connection (1): www.sslproxies.org
2020-04-14 03:21:17 [urllib3.connectionpool] DEBUG: https://www.sslproxies.org:443 "GET / HTTP/1.1" 200 None
2020-04-14 03:21:17 [scrapy_proxy_pool.middlewares] DEBUG: [ProxyChoosen] http://64.225.31.63:1080
2020-04-14 03:21:38 [scrapy_proxy_pool.middlewares] DEBUG: Retrying <GET https://www.ncaa.com/rankings/lacrosse-men/d1/inside-lacrosse> with another proxy (failed 1 times, max retries: 5)
2020-04-14 03:21:38 [scrapy_proxy_pool.middlewares] DEBUG: [ProxyChoosen] http://51.81.96.7:80
2020-04-14 03:21:59 [scrapy_proxy_pool.middlewares] DEBUG: Retrying <GET https://www.ncaa.com/rankings/lacrosse-men/d1/inside-lacrosse> with another proxy (failed 2 times, max retries: 5)
2020-04-14 03:21:59 [scrapy_proxy_pool.middlewares] DEBUG: [ProxyChoosen] http://192.225.214.132:80
2020-04-14 03:21:59 [scrapy_proxy_pool.middlewares] DEBUG: Retrying <GET https://www.ncaa.com/rankings/lacrosse-men/d1/inside-lacrosse> with another proxy (failed 3 times, max retries: 5)
2020-04-14 03:21:59 [scrapy_proxy_pool.middlewares] DEBUG: [ProxyChoosen] http://159.89.146.6:3128
2020-04-14 03:22:02 [scrapy_proxy_pool.middlewares] DEBUG: Retrying <GET https://www.ncaa.com/rankings/lacrosse-men/d1/inside-lacrosse> with another proxy (failed 4 times, max retries: 5)
2020-04-14 03:22:02 [scrapy_proxy_pool.middlewares] DEBUG: [ProxyChoosen] http://34.206.94.224:3128
2020-04-14 03:22:02 [scrapy.core.engine] DEBUG: Crawled (200) <GET https://www.ncaa.com/rankings/lacrosse-men/d1/inside-lacrosse> (referer: None)
2020-04-14 03:22:06 [scrapy.utils.log] INFO: Scrapy 1.7.3 started (bot: laxstatscraper)
2020-04-14 03:22:06 [scrapy.utils.log] INFO: Versions: lxml 4.4.1.0, libxml2 2.9.5, cssselect 1.1.0, parsel 1.5.2, w3lib 1.21.0, Twisted 19.7.0, Python 3.6.4 (v3.6.4:d48eceb, Dec 19 2017, 06:54:40) [MSC v.1900 64 bit (AMD64)], pyOpenSSL 17.5.0 (OpenSSL 1.1.0g  2 Nov 2017), cryptography 2.1.4, Platform Windows-10-10.0.18362-SP0
2020-04-14 03:22:06 [scrapy.crawler] INFO: Overridden settings: {'BOT_NAME': 'laxstatscraper', 'CONCURRENT_REQUESTS': 32, 'LOG_FILE': 'F:\\ReactProjects\\laxstats2\\laxstatscraper\\laxstatscraper\\logs\\dump\\2020-04-14-dump.log', 'NEWSPIDER_MODULE': 'laxstatscraper.spiders', 'SPIDER_MODULES': ['laxstatscraper.spiders'], 'USER_AGENT': 'Mozilla/5.0 (Windows NT 6.1; WOW64) AppleWebKit/537.1 (KHTML, like Gecko) Chrome/22.0.1207.1 Safari/537.1'}
2020-04-14 03:22:06 [scrapy.extensions.telnet] INFO: Telnet Password: fe808937b893d010
2020-04-14 03:22:06 [scrapy.middleware] INFO: Enabled extensions:
['scrapy.extensions.corestats.CoreStats',
 'scrapy.extensions.telnet.TelnetConsole',
 'scrapy.extensions.logstats.LogStats']
2020-04-14 03:22:07 [scrapy.middleware] INFO: Enabled downloader middlewares:
['scrapy.downloadermiddlewares.httpauth.HttpAuthMiddleware',
 'scrapy.downloadermiddlewares.downloadtimeout.DownloadTimeoutMiddleware',
 'scrapy.downloadermiddlewares.defaultheaders.DefaultHeadersMiddleware',
 'scrapy.downloadermiddlewares.useragent.UserAgentMiddleware',
 'scrapy.downloadermiddlewares.retry.RetryMiddleware',
 'scrapy.downloadermiddlewares.redirect.MetaRefreshMiddleware',
 'scrapy.downloadermiddlewares.httpcompression.HttpCompressionMiddleware',
 'scrapy.downloadermiddlewares.redirect.RedirectMiddleware',
 'scrapy_proxy_pool.middlewares.ProxyPoolMiddleware',
 'scrapy_proxy_pool.middlewares.BanDetectionMiddleware',
 'scrapy.downloadermiddlewares.cookies.CookiesMiddleware',
 'scrapy.downloadermiddlewares.httpproxy.HttpProxyMiddleware',
 'scrapy.downloadermiddlewares.stats.DownloaderStats']
2020-04-14 03:22:07 [scrapy.middleware] INFO: Enabled spider middlewares:
['scrapy.spidermiddlewares.httperror.HttpErrorMiddleware',
 'scrapy.spidermiddlewares.offsite.OffsiteMiddleware',
 'scrapy.spidermiddlewares.referer.RefererMiddleware',
 'scrapy.spidermiddlewares.urllength.UrlLengthMiddleware',
 'scrapy.spidermiddlewares.depth.DepthMiddleware']
2020-04-14 03:22:07 [scrapy.middleware] INFO: Enabled item pipelines:
['laxstatscraper.pipelines.LaxstatscraperPipeline']
2020-04-14 03:22:07 [scrapy.core.engine] INFO: Spider opened
2020-04-14 03:22:07 [scrapy.extensions.logstats] INFO: Crawled 0 pages (at 0 pages/min), scraped 0 items (at 0 items/min)
2020-04-14 03:22:07 [scrapy.extensions.telnet] INFO: Telnet console listening on 127.0.0.1:6023
2020-04-14 03:22:07 [urllib3.connectionpool] DEBUG: Starting new HTTPS connection (1): www.us-proxy.org
2020-04-14 03:22:07 [urllib3.connectionpool] DEBUG: https://www.us-proxy.org:443 "GET / HTTP/1.1" 200 None
2020-04-14 03:22:07 [urllib3.connectionpool] DEBUG: Starting new HTTPS connection (1): free-proxy-list.net
2020-04-14 03:22:07 [urllib3.connectionpool] DEBUG: https://free-proxy-list.net:443 "GET /uk-proxy.html HTTP/1.1" 200 None
2020-04-14 03:22:07 [urllib3.connectionpool] DEBUG: Starting new HTTP connection (1): www.proxy-daily.com
2020-04-14 03:22:08 [urllib3.connectionpool] DEBUG: http://www.proxy-daily.com:80 "GET / HTTP/1.1" 301 None
2020-04-14 03:22:08 [urllib3.connectionpool] DEBUG: Starting new HTTPS connection (1): www.proxy-daily.com
2020-04-14 03:22:08 [urllib3.connectionpool] DEBUG: https://www.proxy-daily.com:443 "GET / HTTP/1.1" 301 None
2020-04-14 03:22:08 [urllib3.connectionpool] DEBUG: Starting new HTTPS connection (1): proxy-daily.com
2020-04-14 03:22:08 [urllib3.connectionpool] DEBUG: https://proxy-daily.com:443 "GET / HTTP/1.1" 200 None
2020-04-14 03:22:09 [chardet.charsetprober] DEBUG: EUC-JP Japanese prober hit error at byte 30713
2020-04-14 03:22:09 [chardet.charsetprober] DEBUG: GB2312 Chinese prober hit error at byte 30715
2020-04-14 03:22:09 [chardet.charsetprober] DEBUG: EUC-KR Korean prober hit error at byte 30713
2020-04-14 03:22:09 [chardet.charsetprober] DEBUG: CP949 Korean prober hit error at byte 30713
2020-04-14 03:22:09 [chardet.charsetprober] DEBUG: Big5 Chinese prober hit error at byte 30715
2020-04-14 03:22:09 [chardet.charsetprober] DEBUG: EUC-TW Taiwan prober hit error at byte 30713
2020-04-14 03:22:09 [chardet.charsetprober] DEBUG: utf-8  confidence = 0.7525
2020-04-14 03:22:09 [chardet.charsetprober] DEBUG: SHIFT_JIS Japanese confidence = 0.01
2020-04-14 03:22:09 [chardet.charsetprober] DEBUG: EUC-JP not active
2020-04-14 03:22:09 [chardet.charsetprober] DEBUG: GB2312 not active
2020-04-14 03:22:09 [chardet.charsetprober] DEBUG: EUC-KR not active
2020-04-14 03:22:09 [chardet.charsetprober] DEBUG: CP949 not active
2020-04-14 03:22:09 [chardet.charsetprober] DEBUG: Big5 not active
2020-04-14 03:22:09 [chardet.charsetprober] DEBUG: EUC-TW not active
2020-04-14 03:22:09 [chardet.charsetprober] DEBUG: windows-1251 Russian confidence = 0.01
2020-04-14 03:22:09 [chardet.charsetprober] DEBUG: KOI8-R Russian confidence = 0.01
2020-04-14 03:22:09 [chardet.charsetprober] DEBUG: ISO-8859-5 Russian confidence = 0.01
2020-04-14 03:22:09 [chardet.charsetprober] DEBUG: MacCyrillic Russian confidence = 0.0
2020-04-14 03:22:09 [chardet.charsetprober] DEBUG: IBM866 Russian confidence = 0.0
2020-04-14 03:22:09 [chardet.charsetprober] DEBUG: IBM855 Russian confidence = 0.01
2020-04-14 03:22:09 [chardet.charsetprober] DEBUG: ISO-8859-7 Greek confidence = 0.01
2020-04-14 03:22:09 [chardet.charsetprober] DEBUG: windows-1253 Greek confidence = 0.01
2020-04-14 03:22:09 [chardet.charsetprober] DEBUG: ISO-8859-5 Bulgairan confidence = 0.01
2020-04-14 03:22:09 [chardet.charsetprober] DEBUG: windows-1251 Bulgarian confidence = 0.01
2020-04-14 03:22:09 [chardet.charsetprober] DEBUG: TIS-620 Thai confidence = 0.01
2020-04-14 03:22:09 [chardet.charsetprober] DEBUG: ISO-8859-9 Turkish confidence = 0.5240324397738394
2020-04-14 03:22:09 [chardet.charsetprober] DEBUG: windows-1255 Hebrew confidence = 0.0
2020-04-14 03:22:09 [chardet.charsetprober] DEBUG: windows-1255 Hebrew confidence = 0.01
2020-04-14 03:22:09 [chardet.charsetprober] DEBUG: windows-1255 Hebrew confidence = 0.01
2020-04-14 03:22:09 [chardet.charsetprober] DEBUG: utf-8  confidence = 0.7525
2020-04-14 03:22:09 [chardet.charsetprober] DEBUG: SHIFT_JIS Japanese confidence = 0.01
2020-04-14 03:22:09 [chardet.charsetprober] DEBUG: EUC-JP not active
2020-04-14 03:22:09 [chardet.charsetprober] DEBUG: GB2312 not active
2020-04-14 03:22:09 [chardet.charsetprober] DEBUG: EUC-KR not active
2020-04-14 03:22:09 [chardet.charsetprober] DEBUG: CP949 not active
2020-04-14 03:22:09 [chardet.charsetprober] DEBUG: Big5 not active
2020-04-14 03:22:09 [chardet.charsetprober] DEBUG: EUC-TW not active
2020-04-14 03:22:09 [urllib3.connectionpool] DEBUG: Starting new HTTPS connection (1): free-proxy-list.net
2020-04-14 03:22:09 [urllib3.connectionpool] DEBUG: https://free-proxy-list.net:443 "GET /anonymous-proxy.html HTTP/1.1" 200 None
2020-04-14 03:22:09 [urllib3.connectionpool] DEBUG: Starting new HTTP connection (1): www.free-proxy-list.net
2020-04-14 03:22:09 [urllib3.connectionpool] DEBUG: http://www.free-proxy-list.net:80 "GET / HTTP/1.1" 301 None
2020-04-14 03:22:09 [urllib3.connectionpool] DEBUG: Starting new HTTPS connection (1): www.free-proxy-list.net
2020-04-14 03:22:09 [urllib3.connectionpool] DEBUG: https://www.free-proxy-list.net:443 "GET / HTTP/1.1" 200 None
2020-04-14 03:22:09 [urllib3.connectionpool] DEBUG: Starting new HTTPS connection (1): www.sslproxies.org
2020-04-14 03:22:10 [urllib3.connectionpool] DEBUG: https://www.sslproxies.org:443 "GET / HTTP/1.1" 200 None
2020-04-14 03:22:10 [scrapy_proxy_pool.middlewares] DEBUG: [ProxyChoosen] http://107.178.6.30:8080
2020-04-14 03:22:10 [scrapy_proxy_pool.middlewares] DEBUG: [ProxyChoosen] http://3.94.59.144:3128
2020-04-14 03:22:10 [scrapy_proxy_pool.middlewares] DEBUG: [ProxyChoosen] http://24.113.42.177:48678
2020-04-14 03:22:10 [scrapy_proxy_pool.middlewares] DEBUG: [ProxyChoosen] http://157.230.155.18:3128
2020-04-14 03:22:10 [scrapy_proxy_pool.middlewares] DEBUG: [ProxyChoosen] http://66.42.65.149:8118
2020-04-14 03:22:10 [scrapy_proxy_pool.middlewares] DEBUG: [ProxyChoosen] http://34.73.72.29:80
2020-04-14 03:22:10 [scrapy_proxy_pool.middlewares] DEBUG: [ProxyChoosen] http://138.68.53.44:8118
2020-04-14 03:22:10 [scrapy_proxy_pool.middlewares] DEBUG: [ProxyChoosen] http://50.226.151.4:80
2020-04-14 03:22:10 [scrapy_proxy_pool.middlewares] DEBUG: [ProxyChoosen] http://24.113.42.169:48678
2020-04-14 03:22:10 [scrapy_proxy_pool.middlewares] DEBUG: [ProxyChoosen] http://157.230.165.31:3128
2020-04-14 03:22:10 [scrapy_proxy_pool.middlewares] DEBUG: [ProxyChoosen] http://159.89.53.186:3128
2020-04-14 03:22:10 [scrapy_proxy_pool.middlewares] DEBUG: [ProxyChoosen] http://104.245.69.17:3128
2020-04-14 03:22:10 [scrapy_proxy_pool.middlewares] DEBUG: [ProxyChoosen] http://207.183.187.188:8080
2020-04-14 03:22:10 [scrapy_proxy_pool.middlewares] DEBUG: [ProxyChoosen] http://157.230.165.31:3128
2020-04-14 03:22:10 [scrapy_proxy_pool.middlewares] DEBUG: [ProxyChoosen] http://146.166.117.3:8080
2020-04-14 03:22:10 [scrapy_proxy_pool.middlewares] DEBUG: [ProxyChoosen] http://138.197.211.71:3128
2020-04-14 03:22:10 [scrapy_proxy_pool.middlewares] DEBUG: [ProxyChoosen] http://150.238.61.153:16379
2020-04-14 03:22:10 [scrapy_proxy_pool.middlewares] DEBUG: [ProxyChoosen] http://70.165.64.210:48678
2020-04-14 03:22:10 [scrapy_proxy_pool.middlewares] DEBUG: [ProxyChoosen] http://34.219.106.61:3128
2020-04-14 03:22:10 [scrapy_proxy_pool.middlewares] DEBUG: [ProxyChoosen] http://159.89.53.186:3128
2020-04-14 03:22:10 [scrapy_proxy_pool.middlewares] DEBUG: [ProxyChoosen] http://104.244.75.26:8080
2020-04-14 03:22:10 [scrapy_proxy_pool.middlewares] DEBUG: [ProxyChoosen] http://162.252.144.229:8181
2020-04-14 03:22:10 [scrapy_proxy_pool.middlewares] DEBUG: [ProxyChoosen] http://45.76.67.32:3128
2020-04-14 03:22:10 [scrapy_proxy_pool.middlewares] DEBUG: [ProxyChoosen] http://138.197.211.71:3128
2020-04-14 03:22:10 [scrapy_proxy_pool.middlewares] DEBUG: [ProxyChoosen] http://69.9.238.22:8080
2020-04-14 03:22:10 [scrapy_proxy_pool.middlewares] DEBUG: [ProxyChoosen] http://178.128.5.174:8118
2020-04-14 03:22:10 [scrapy_proxy_pool.middlewares] DEBUG: [ProxyChoosen] http://34.219.94.73:3128
2020-04-14 03:22:10 [scrapy_proxy_pool.middlewares] DEBUG: [ProxyChoosen] http://162.252.144.229:8181
2020-04-14 03:22:10 [scrapy_proxy_pool.middlewares] DEBUG: [ProxyChoosen] http://65.182.5.212:8080
2020-04-14 03:22:10 [scrapy_proxy_pool.middlewares] DEBUG: [ProxyChoosen] http://24.113.42.169:48678
2020-04-14 03:22:10 [scrapy_proxy_pool.middlewares] DEBUG: [ProxyChoosen] http://18.237.91.70:3128
2020-04-14 03:22:10 [scrapy_proxy_pool.middlewares] DEBUG: [ProxyChoosen] http://50.226.151.17:80
2020-04-14 03:22:10 [scrapy_proxy_pool.middlewares] DEBUG: Retrying <GET https://stats.ncaa.org/teams/493835> with another proxy (failed 1 times, max retries: 5)
2020-04-14 03:22:10 [scrapy_proxy_pool.middlewares] DEBUG: [ProxyChoosen] http://51.81.96.7:80
2020-04-14 03:22:10 [scrapy_proxy_pool.middlewares] DEBUG: Retrying <GET https://stats.ncaa.org/teams/493846> with another proxy (failed 1 times, max retries: 5)
2020-04-14 03:22:10 [scrapy_proxy_pool.middlewares] DEBUG: [ProxyChoosen] http://104.244.75.26:8080
2020-04-14 03:22:10 [scrapy_proxy_pool.middlewares] DEBUG: Retrying <GET https://stats.ncaa.org/teams/493834> with another proxy (failed 1 times, max retries: 5)
2020-04-14 03:22:10 [scrapy_proxy_pool.middlewares] DEBUG: [ProxyChoosen] http://206.81.10.180:3128
2020-04-14 03:22:10 [scrapy_proxy_pool.middlewares] DEBUG: Retrying <GET https://stats.ncaa.org/teams/493842> with another proxy (failed 1 times, max retries: 5)
2020-04-14 03:22:10 [scrapy_proxy_pool.middlewares] DEBUG: [ProxyChoosen] http://107.178.6.30:8080
2020-04-14 03:22:11 [scrapy.core.engine] DEBUG: Crawled (200) <GET https://stats.ncaa.org/teams/493833> (referer: None)
2020-04-14 03:22:11 [scrapy_proxy_pool.middlewares] DEBUG: [ProxyChoosen] http://64.227.30.107:3128
