File contains 0 ERROR messages, 0 CRITICAL messages, 0 WARNING messages and 75 INFO messages

-----ERROR-----

-----CRITICAL-----

-----WARNING-----

-----INFO-----
INFO:Team Drexel Dragons has been updated
INFO:Team Georgetown Hoyas has been updated
INFO:Team Brown Bears has been updated
INFO:Team Hofstra Pride has been updated
INFO:Team Holy Cross Crusaders has been updated
INFO:Team Binghamton Bearcats has been updated
INFO:Team Albany (NY) Great Danes has been updated
INFO:Team Canisius Golden Griffins has been updated
INFO:Team UMBC Retrievers has been updated
INFO:Team St. Bonaventure Bonnies has been updated
INFO:Team Marist Red Foxes has been updated
INFO:Team Bucknell Bison has been updated
INFO:Team Massachusetts Minutemen has been updated
INFO:Team Michigan Wolverines has been updated
INFO:Team Mount St. Mary's Mountaineers has been updated
INFO:Team Notre Dame Fighting Irish has been updated
INFO:Team Ohio St. Buckeyes has been updated
INFO:Team UMass Lowell River Hawks has been updated
INFO:Team Hampton Pirates has been updated
INFO:Team Harvard Crimson has been updated
INFO:Team Denver Pioneers has been updated
INFO:Team Hobart Statesmen has been updated
INFO:Team Furman Paladins has been updated
INFO:Team Princeton Tigers has been updated
INFO:Team Manhattan Jaspers has been updated
INFO:Team Boston U. Terriers has been updated
INFO:Team Robert Morris Colonials has been updated
INFO:Team Detroit Mercy Titans has been updated
INFO:Team Bellarmine Knights has been updated
INFO:Team Monmouth Hawks has been updated
INFO:Team Richmond Spiders has been updated
INFO:Team NJIT Highlanders has been updated
INFO:Team Air Force Falcons has been updated
INFO:Team Saint Joseph's Hawks has been updated
INFO:Team Dartmouth Big Green has been updated
INFO:Team Duke Blue Devils has been updated
INFO:Team Lehigh Mountain Hawks has been updated
INFO:Team Lafayette Leopards has been updated
INFO:Team Mercer Bears has been updated
INFO:Team Stony Brook Seawolves has been updated
INFO:Team Army West Point Black Knights has been updated
INFO:Team Yale Elis, Bulldogs has been updated
INFO:Team Syracuse Orange has been updated
INFO:Team Virginia Cavaliers has been updated
INFO:Team Merrimack Warriors has been updated
INFO:Team LIU Sharks has been updated
INFO:Team Quinnipiac Bobcats has been updated
INFO:Team St. John's (NY) Red Storm has been updated
INFO:Team Navy Midshipmen has been updated
INFO:Team Utah Utes has been updated
INFO:Team Loyola Maryland Greyhounds has been updated
INFO:Team Marquette Golden Eagles has been updated
INFO:Team Vermont Catamounts has been updated
INFO:Team Villanova Wildcats has been updated
INFO:Team Rutgers Scarlet Knights has been updated
INFO:Team Providence Friars has been updated
INFO:Team Jacksonville Dolphins has been updated
INFO:Team Wagner Seahawks has been updated
INFO:Team VMI Keydets has been updated
INFO:Team Johns Hopkins Blue Jays has been updated
INFO:Team Fairfield Stags has been updated
INFO:Team Bryant Bulldogs has been updated
INFO:Team Cleveland St. Vikings has been updated
INFO:Team Cornell Big Red has been updated
INFO:Team Hartford Hawks has been updated
INFO:Team Maryland Terrapins, Terps has been updated
INFO:Team Sacred Heart Pioneers has been updated
INFO:Team Towson Tigers has been updated
INFO:Team Colgate Raiders has been updated
INFO:Team Delaware Blue Hens has been updated
INFO:Team Siena Saints has been updated
INFO:Team Penn Quakers has been updated
INFO:Team Penn St. Nittany Lions has been updated
INFO:Team High Point Panthers has been updated
INFO:Team North Carolina Tar Heels has been updated
