Team Colgate Raiders has been updated
Team Bellarmine Knights has been updated
Team Hofstra Pride has been updated
Team Hartford Hawks has been updated
Team Furman Paladins has been updated
Team Denver Pioneers has been updated
Team UMBC Retrievers has been updated
Team Boston U. Terriers has been updated
Team Jacksonville Dolphins has been updated
Team Drexel Dragons has been updated
Team Manhattan Jaspers has been updated
Team Massachusetts Minutemen has been updated
Team Mount St. Mary's Mountaineers has been updated
Team Bucknell Bison has been updated
Team Harvard Crimson has been updated
Team Brown Bears has been updated
Team Cornell Big Red has been updated
Team Delaware Blue Hens has been updated
Team Bryant Bulldogs has been updated
Team Hampton Pirates has been updated
Team Cleveland St. Vikings has been updated
Team Notre Dame Fighting Irish has been updated
Team Canisius Golden Griffins has been updated
Team Albany (NY) Great Danes has been updated
Team Providence Friars has been updated
Team Richmond Spiders has been updated
Team St. John's (NY) Red Storm has been updated
Team Princeton Tigers has been updated
Team Marquette Golden Eagles has been updated
Team Maryland Terrapins, Terps has been updated
Team Saint Joseph's Hawks has been updated
Team Siena Saints has been updated
Team Marist Red Foxes has been updated
Team Robert Morris Colonials has been updated
Team Air Force Falcons has been updated
Team Dartmouth Big Green has been updated
Team Hobart Statesmen has been updated
Team Villanova Wildcats has been updated
Team Georgetown Hoyas has been updated
Team VMI Keydets has been updated
Team Wagner Seahawks has been updated
Team UMass Lowell River Hawks has been updated
Team North Carolina Tar Heels has been updated
Team Merrimack Warriors has been updated
Team Navy Midshipmen has been updated
Team NJIT Highlanders has been updated
Team Sacred Heart Pioneers has been updated
Team Army West Point Black Knights has been updated
Team Vermont Catamounts has been updated
Team Quinnipiac Bobcats has been updated
Team LIU Sharks has been updated
Team Penn Quakers has been updated
Team Stony Brook Seawolves has been updated
Team Utah Utes has been updated
Team Fairfield Stags has been updated
Team Binghamton Bearcats has been updated
Team Duke Blue Devils has been updated
Team Ohio St. Buckeyes has been updated
Team Towson Tigers has been updated
Team Rutgers Scarlet Knights has been updated
Team Holy Cross Crusaders has been updated
Team Syracuse Orange has been updated
Team Monmouth Hawks has been updated
Team Yale Elis, Bulldogs has been updated
Team Penn St. Nittany Lions has been updated
Team Lafayette Leopards has been updated
Team Detroit Mercy Titans has been updated
Team Johns Hopkins Blue Jays has been updated
Team Loyola Maryland Greyhounds has been updated
Team St. Bonaventure Bonnies has been updated
Team Michigan Wolverines has been updated
Team Lehigh Mountain Hawks has been updated
Team Virginia Cavaliers has been updated
Team High Point Panthers has been updated
Team Mercer Bears has been updated
