Team Syracuse with rank #1 has been successfully been added to the database.
Team Cornell with rank #2 has been successfully been added to the database.
Team Princeton with rank #3 has been successfully been added to the database.
Team North Carolina with rank #4 has been successfully been added to the database.
Team Yale with rank #5 has been successfully been added to the database.
Team Maryland with rank #6 has been successfully been added to the database.
Team Penn St. with rank #7 has been successfully been added to the database.
Team Duke with rank #8 has been successfully been added to the database.
Team Georgetown with rank #T-9 has been successfully been added to the database.
Team Virginia with rank #T-9 has been successfully been added to the database.
Team Denver with rank #11 has been successfully been added to the database.
Team UMass with rank #12 has been successfully been added to the database.
Team Notre Dame with rank #13 has been successfully been added to the database.
Team Loyola with rank #14 has been successfully been added to the database.
Team Army with rank #15 has been successfully been added to the database.
Team Penn with rank #16 has been successfully been added to the database.
Team Villanova with rank #17 has been successfully been added to the database.
Team Lehigh with rank #18 has been successfully been added to the database.
Team Ohio St. with rank #19 has been successfully been added to the database.
Team Richmond with rank #20 has been successfully been added to the database.
