File contains 0 ERROR messages, 0 CRITICAL messages, 0 WARNING messages and 20 INFO messages

-----ERROR-----

-----CRITICAL-----

-----WARNING-----

-----INFO-----
INFO:Team 'Syracuse' with rank #1 has been successfully been added to the database.
INFO:Team 'Cornell' with rank #2 has been successfully been added to the database.
INFO:Team 'Princeton' with rank #3 has been successfully been added to the database.
INFO:Team 'North Carolina' with rank #4 has been successfully been added to the database.
INFO:Team 'Yale' with rank #5 has been successfully been added to the database.
INFO:Team 'Maryland' with rank #6 has been successfully been added to the database.
INFO:Team 'Penn St.' with rank #7 has been successfully been added to the database.
INFO:Team 'Duke' with rank #8 has been successfully been added to the database.
INFO:Team 'Georgetown' with rank #T-9 has been successfully been added to the database.
INFO:Team 'Virginia' with rank #T-9 has been successfully been added to the database.
INFO:Team 'Denver' with rank #11 has been successfully been added to the database.
INFO:Team 'UMass' with rank #12 has been successfully been added to the database.
INFO:Team 'Notre Dame' with rank #13 has been successfully been added to the database.
INFO:Team 'Loyola' with rank #14 has been successfully been added to the database.
INFO:Team 'Army' with rank #15 has been successfully been added to the database.
INFO:Team 'Penn' with rank #16 has been successfully been added to the database.
INFO:Team 'Villanova' with rank #17 has been successfully been added to the database.
INFO:Team 'Lehigh' with rank #18 has been successfully been added to the database.
INFO:Team 'Ohio St.' with rank #19 has been successfully been added to the database.
INFO:Team 'Richmond' with rank #20 has been successfully been added to the database.
