INFO:F:\ReactProjects\laxstats2\laxstatscraper\laxstatscraper\logs\rankings\2020-04-13.log:Team 'Syracuse' with rank #1 has been successfully been added to the database.
DEBUG:scrapy.core.scraper:Scraped from <200 https://www.ncaa.com/rankings/lacrosse-men/d1/inside-lacrosse>
None
INFO:F:\ReactProjects\laxstats2\laxstatscraper\laxstatscraper\logs\rankings\2020-04-13.log:Team 'Cornell' with rank #2 has been successfully been added to the database.
DEBUG:scrapy.core.scraper:Scraped from <200 https://www.ncaa.com/rankings/lacrosse-men/d1/inside-lacrosse>
None
INFO:F:\ReactProjects\laxstats2\laxstatscraper\laxstatscraper\logs\rankings\2020-04-13.log:Team 'Princeton' with rank #3 has been successfully been added to the database.
DEBUG:scrapy.core.scraper:Scraped from <200 https://www.ncaa.com/rankings/lacrosse-men/d1/inside-lacrosse>
None
INFO:F:\ReactProjects\laxstats2\laxstatscraper\laxstatscraper\logs\rankings\2020-04-13.log:Team 'North Carolina' with rank #4 has been successfully been added to the database.
DEBUG:scrapy.core.scraper:Scraped from <200 https://www.ncaa.com/rankings/lacrosse-men/d1/inside-lacrosse>
None
INFO:F:\ReactProjects\laxstats2\laxstatscraper\laxstatscraper\logs\rankings\2020-04-13.log:Team 'Yale' with rank #5 has been successfully been added to the database.
DEBUG:scrapy.core.scraper:Scraped from <200 https://www.ncaa.com/rankings/lacrosse-men/d1/inside-lacrosse>
None
INFO:F:\ReactProjects\laxstats2\laxstatscraper\laxstatscraper\logs\rankings\2020-04-13.log:Team 'Maryland' with rank #6 has been successfully been added to the database.
DEBUG:scrapy.core.scraper:Scraped from <200 https://www.ncaa.com/rankings/lacrosse-men/d1/inside-lacrosse>
None
INFO:F:\ReactProjects\laxstats2\laxstatscraper\laxstatscraper\logs\rankings\2020-04-13.log:Team 'Penn St.' with rank #7 has been successfully been added to the database.
DEBUG:scrapy.core.scraper:Scraped from <200 https://www.ncaa.com/rankings/lacrosse-men/d1/inside-lacrosse>
None
INFO:F:\ReactProjects\laxstats2\laxstatscraper\laxstatscraper\logs\rankings\2020-04-13.log:Team 'Duke' with rank #8 has been successfully been added to the database.
DEBUG:scrapy.core.scraper:Scraped from <200 https://www.ncaa.com/rankings/lacrosse-men/d1/inside-lacrosse>
None
INFO:F:\ReactProjects\laxstats2\laxstatscraper\laxstatscraper\logs\rankings\2020-04-13.log:Team 'Georgetown' with rank #T-9 has been successfully been added to the database.
DEBUG:scrapy.core.scraper:Scraped from <200 https://www.ncaa.com/rankings/lacrosse-men/d1/inside-lacrosse>
None
INFO:F:\ReactProjects\laxstats2\laxstatscraper\laxstatscraper\logs\rankings\2020-04-13.log:Team 'Virginia' with rank #T-9 has been successfully been added to the database.
DEBUG:scrapy.core.scraper:Scraped from <200 https://www.ncaa.com/rankings/lacrosse-men/d1/inside-lacrosse>
None
INFO:F:\ReactProjects\laxstats2\laxstatscraper\laxstatscraper\logs\rankings\2020-04-13.log:Team 'Denver' with rank #11 has been successfully been added to the database.
DEBUG:scrapy.core.scraper:Scraped from <200 https://www.ncaa.com/rankings/lacrosse-men/d1/inside-lacrosse>
None
INFO:F:\ReactProjects\laxstats2\laxstatscraper\laxstatscraper\logs\rankings\2020-04-13.log:Team 'UMass' with rank #12 has been successfully been added to the database.
DEBUG:scrapy.core.scraper:Scraped from <200 https://www.ncaa.com/rankings/lacrosse-men/d1/inside-lacrosse>
None
INFO:F:\ReactProjects\laxstats2\laxstatscraper\laxstatscraper\logs\rankings\2020-04-13.log:Team 'Notre Dame' with rank #13 has been successfully been added to the database.
DEBUG:scrapy.core.scraper:Scraped from <200 https://www.ncaa.com/rankings/lacrosse-men/d1/inside-lacrosse>
None
INFO:F:\ReactProjects\laxstats2\laxstatscraper\laxstatscraper\logs\rankings\2020-04-13.log:Team 'Loyola' with rank #14 has been successfully been added to the database.
DEBUG:scrapy.core.scraper:Scraped from <200 https://www.ncaa.com/rankings/lacrosse-men/d1/inside-lacrosse>
None
INFO:F:\ReactProjects\laxstats2\laxstatscraper\laxstatscraper\logs\rankings\2020-04-13.log:Team 'Army' with rank #15 has been successfully been added to the database.
DEBUG:scrapy.core.scraper:Scraped from <200 https://www.ncaa.com/rankings/lacrosse-men/d1/inside-lacrosse>
None
INFO:F:\ReactProjects\laxstats2\laxstatscraper\laxstatscraper\logs\rankings\2020-04-13.log:Team 'Penn' with rank #16 has been successfully been added to the database.
DEBUG:scrapy.core.scraper:Scraped from <200 https://www.ncaa.com/rankings/lacrosse-men/d1/inside-lacrosse>
None
INFO:F:\ReactProjects\laxstats2\laxstatscraper\laxstatscraper\logs\rankings\2020-04-13.log:Team 'Villanova' with rank #17 has been successfully been added to the database.
DEBUG:scrapy.core.scraper:Scraped from <200 https://www.ncaa.com/rankings/lacrosse-men/d1/inside-lacrosse>
None
INFO:F:\ReactProjects\laxstats2\laxstatscraper\laxstatscraper\logs\rankings\2020-04-13.log:Team 'Lehigh' with rank #18 has been successfully been added to the database.
DEBUG:scrapy.core.scraper:Scraped from <200 https://www.ncaa.com/rankings/lacrosse-men/d1/inside-lacrosse>
None
INFO:F:\ReactProjects\laxstats2\laxstatscraper\laxstatscraper\logs\rankings\2020-04-13.log:Team 'Ohio St.' with rank #19 has been successfully been added to the database.
DEBUG:scrapy.core.scraper:Scraped from <200 https://www.ncaa.com/rankings/lacrosse-men/d1/inside-lacrosse>
None
INFO:F:\ReactProjects\laxstats2\laxstatscraper\laxstatscraper\logs\rankings\2020-04-13.log:Team 'Richmond' with rank #20 has been successfully been added to the database.
DEBUG:scrapy.core.scraper:Scraped from <200 https://www.ncaa.com/rankings/lacrosse-men/d1/inside-lacrosse>
None
INFO:scrapy.core.engine:Closing spider (finished)
INFO:scrapy.statscollectors:Dumping Scrapy stats:
{'bans/error/scrapy.core.downloader.handlers.http11.TunnelError': 1,
 'bans/error/twisted.internet.error.ConnectionRefusedError': 1,
 'bans/error/twisted.internet.error.TCPTimedOutError': 3,
 'bans/error/twisted.internet.error.TimeoutError': 1,
 'downloader/exception_count': 6,
 'downloader/exception_type_count/scrapy.core.downloader.handlers.http11.TunnelError': 1,
 'downloader/exception_type_count/twisted.internet.error.ConnectionRefusedError': 1,
 'downloader/exception_type_count/twisted.internet.error.TCPTimedOutError': 3,
 'downloader/exception_type_count/twisted.internet.error.TimeoutError': 1,
 'downloader/request_bytes': 2254,
 'downloader/request_count': 7,
 'downloader/request_method_count/GET': 7,
 'downloader/response_bytes': 22588,
 'downloader/response_count': 1,
 'downloader/response_status_count/200': 1,
 'elapsed_time_seconds': 283.917479,
 'finish_reason': 'finished',
 'finish_time': datetime.datetime(2020, 4, 13, 22, 59, 10, 682408),
 'item_scraped_count': 20,
 'log_count/DEBUG': 69,
 'log_count/INFO': 13,
 'response_received_count': 1,
 'scheduler/dequeued': 7,
 'scheduler/dequeued/memory': 7,
 'scheduler/enqueued': 7,
 'scheduler/enqueued/memory': 7,
 'start_time': datetime.datetime(2020, 4, 13, 22, 54, 26, 764929)}
INFO:scrapy.core.engine:Spider closed (finished)
