INFO:F:\ReactProjects\laxstats2-backend\scraper\laxscraper\laxscraper\logs\rankings\2020-04-04.log:Team Syracuse with rank #1 has been successfully been added to the database.
DEBUG:scrapy.core.scraper:Scraped from <200 https://www.ncaa.com/rankings/lacrosse-men/d1/inside-lacrosse>
None
INFO:F:\ReactProjects\laxstats2-backend\scraper\laxscraper\laxscraper\logs\rankings\2020-04-04.log:Team Cornell with rank #2 has been successfully been added to the database.
DEBUG:scrapy.core.scraper:Scraped from <200 https://www.ncaa.com/rankings/lacrosse-men/d1/inside-lacrosse>
None
INFO:F:\ReactProjects\laxstats2-backend\scraper\laxscraper\laxscraper\logs\rankings\2020-04-04.log:Team Princeton with rank #3 has been successfully been added to the database.
DEBUG:scrapy.core.scraper:Scraped from <200 https://www.ncaa.com/rankings/lacrosse-men/d1/inside-lacrosse>
None
INFO:F:\ReactProjects\laxstats2-backend\scraper\laxscraper\laxscraper\logs\rankings\2020-04-04.log:Team North Carolina with rank #4 has been successfully been added to the database.
DEBUG:scrapy.core.scraper:Scraped from <200 https://www.ncaa.com/rankings/lacrosse-men/d1/inside-lacrosse>
None
INFO:F:\ReactProjects\laxstats2-backend\scraper\laxscraper\laxscraper\logs\rankings\2020-04-04.log:Team Yale with rank #5 has been successfully been added to the database.
DEBUG:scrapy.core.scraper:Scraped from <200 https://www.ncaa.com/rankings/lacrosse-men/d1/inside-lacrosse>
None
INFO:F:\ReactProjects\laxstats2-backend\scraper\laxscraper\laxscraper\logs\rankings\2020-04-04.log:Team Maryland with rank #6 has been successfully been added to the database.
DEBUG:scrapy.core.scraper:Scraped from <200 https://www.ncaa.com/rankings/lacrosse-men/d1/inside-lacrosse>
None
INFO:F:\ReactProjects\laxstats2-backend\scraper\laxscraper\laxscraper\logs\rankings\2020-04-04.log:Team Penn St. with rank #7 has been successfully been added to the database.
DEBUG:scrapy.core.scraper:Scraped from <200 https://www.ncaa.com/rankings/lacrosse-men/d1/inside-lacrosse>
None
INFO:F:\ReactProjects\laxstats2-backend\scraper\laxscraper\laxscraper\logs\rankings\2020-04-04.log:Team Duke with rank #8 has been successfully been added to the database.
DEBUG:scrapy.core.scraper:Scraped from <200 https://www.ncaa.com/rankings/lacrosse-men/d1/inside-lacrosse>
None
INFO:F:\ReactProjects\laxstats2-backend\scraper\laxscraper\laxscraper\logs\rankings\2020-04-04.log:Team Georgetown with rank #T-9 has been successfully been added to the database.
DEBUG:scrapy.core.scraper:Scraped from <200 https://www.ncaa.com/rankings/lacrosse-men/d1/inside-lacrosse>
None
INFO:F:\ReactProjects\laxstats2-backend\scraper\laxscraper\laxscraper\logs\rankings\2020-04-04.log:Team Virginia with rank #T-9 has been successfully been added to the database.
DEBUG:scrapy.core.scraper:Scraped from <200 https://www.ncaa.com/rankings/lacrosse-men/d1/inside-lacrosse>
None
INFO:F:\ReactProjects\laxstats2-backend\scraper\laxscraper\laxscraper\logs\rankings\2020-04-04.log:Team Denver with rank #11 has been successfully been added to the database.
DEBUG:scrapy.core.scraper:Scraped from <200 https://www.ncaa.com/rankings/lacrosse-men/d1/inside-lacrosse>
None
INFO:F:\ReactProjects\laxstats2-backend\scraper\laxscraper\laxscraper\logs\rankings\2020-04-04.log:Team UMass with rank #12 has been successfully been added to the database.
DEBUG:scrapy.core.scraper:Scraped from <200 https://www.ncaa.com/rankings/lacrosse-men/d1/inside-lacrosse>
None
INFO:F:\ReactProjects\laxstats2-backend\scraper\laxscraper\laxscraper\logs\rankings\2020-04-04.log:Team Notre Dame with rank #13 has been successfully been added to the database.
DEBUG:scrapy.core.scraper:Scraped from <200 https://www.ncaa.com/rankings/lacrosse-men/d1/inside-lacrosse>
None
INFO:F:\ReactProjects\laxstats2-backend\scraper\laxscraper\laxscraper\logs\rankings\2020-04-04.log:Team Loyola with rank #14 has been successfully been added to the database.
DEBUG:scrapy.core.scraper:Scraped from <200 https://www.ncaa.com/rankings/lacrosse-men/d1/inside-lacrosse>
None
INFO:F:\ReactProjects\laxstats2-backend\scraper\laxscraper\laxscraper\logs\rankings\2020-04-04.log:Team Army with rank #15 has been successfully been added to the database.
DEBUG:scrapy.core.scraper:Scraped from <200 https://www.ncaa.com/rankings/lacrosse-men/d1/inside-lacrosse>
None
INFO:F:\ReactProjects\laxstats2-backend\scraper\laxscraper\laxscraper\logs\rankings\2020-04-04.log:Team Penn with rank #16 has been successfully been added to the database.
DEBUG:scrapy.core.scraper:Scraped from <200 https://www.ncaa.com/rankings/lacrosse-men/d1/inside-lacrosse>
None
INFO:F:\ReactProjects\laxstats2-backend\scraper\laxscraper\laxscraper\logs\rankings\2020-04-04.log:Team Villanova with rank #17 has been successfully been added to the database.
DEBUG:scrapy.core.scraper:Scraped from <200 https://www.ncaa.com/rankings/lacrosse-men/d1/inside-lacrosse>
None
INFO:F:\ReactProjects\laxstats2-backend\scraper\laxscraper\laxscraper\logs\rankings\2020-04-04.log:Team Lehigh with rank #18 has been successfully been added to the database.
DEBUG:scrapy.core.scraper:Scraped from <200 https://www.ncaa.com/rankings/lacrosse-men/d1/inside-lacrosse>
None
INFO:F:\ReactProjects\laxstats2-backend\scraper\laxscraper\laxscraper\logs\rankings\2020-04-04.log:Team Ohio St. with rank #19 has been successfully been added to the database.
DEBUG:scrapy.core.scraper:Scraped from <200 https://www.ncaa.com/rankings/lacrosse-men/d1/inside-lacrosse>
None
INFO:F:\ReactProjects\laxstats2-backend\scraper\laxscraper\laxscraper\logs\rankings\2020-04-04.log:Team Richmond with rank #20 has been successfully been added to the database.
DEBUG:scrapy.core.scraper:Scraped from <200 https://www.ncaa.com/rankings/lacrosse-men/d1/inside-lacrosse>
None
INFO:scrapy.core.engine:Closing spider (finished)
INFO:scrapy.statscollectors:Dumping Scrapy stats:
{'bans/error/twisted.internet.error.TCPTimedOutError': 3,
 'downloader/exception_count': 3,
 'downloader/exception_type_count/twisted.internet.error.TCPTimedOutError': 3,
 'downloader/request_bytes': 1288,
 'downloader/request_count': 4,
 'downloader/request_method_count/GET': 4,
 'downloader/response_bytes': 22687,
 'downloader/response_count': 1,
 'downloader/response_status_count/200': 1,
 'elapsed_time_seconds': 69.443496,
 'finish_reason': 'finished',
 'finish_time': datetime.datetime(2020, 4, 4, 22, 33, 36, 636636),
 'item_scraped_count': 20,
 'log_count/DEBUG': 63,
 'log_count/INFO': 10,
 'response_received_count': 1,
 'scheduler/dequeued': 4,
 'scheduler/dequeued/memory': 4,
 'scheduler/enqueued': 4,
 'scheduler/enqueued/memory': 4,
 'start_time': datetime.datetime(2020, 4, 4, 22, 32, 27, 193140)}
INFO:scrapy.core.engine:Spider closed (finished)
