File contains 0 ERROR messages, 0 CRITICAL messages, 0 WARNING messages and 75 INFO messages

-----ERROR-----

-----CRITICAL-----

-----WARNING-----

-----INFO-----
INFO:Coach 'Dave Pietramala' has been updated for Team 'Johns Hopkins Blue Jays'
INFO:Coach 'Andy German' has been updated for Team 'Cleveland St. Vikings'
INFO:Coach 'Gerry Byrne' has been updated for Team 'Harvard Crimson'
INFO:Coach 'Chris Kolon' has been updated for Team 'Detroit Mercy Titans'
INFO:Coach 'Frank Fedorjaka' has been updated for Team 'Bucknell Bison'
INFO:Coach 'Brian Voelker' has been updated for Team 'Drexel Dragons'
INFO:Coach 'Keegan Wilkinson' has been updated for Team 'Marist Red Foxes'
INFO:Coach 'Charley Toomey' has been updated for Team 'Loyola Maryland Greyhounds'
INFO:Coach 'Ryan Moran' has been updated for Team 'UMBC Retrievers'
INFO:Coach 'John Tillman' has been updated for Team 'Maryland Terrapins, Terps'
INFO:Coach 'Kyle Hannan' has been updated for Team 'Mercer Bears'
INFO:Coach 'Rashad Devoe' has been updated for Team 'Hampton Pirates'
INFO:Coach 'Ryan Martin' has been updated for Team 'Hartford Hawks'
INFO:Coach 'Richie Meade' has been updated for Team 'Furman Paladins'
INFO:Coach 'John Galloway' has been updated for Team 'Jacksonville Dolphins'
INFO:Coach 'Andrew Whitley' has been updated for Team 'Bellarmine Knights'
INFO:Coach 'Seth Tierney' has been updated for Team 'Hofstra Pride'
INFO:Coach 'Joe Breschi' has been updated for Team 'North Carolina Tar Heels'
INFO:Coach 'Nick Myers' has been updated for Team 'Ohio St. Buckeyes'
INFO:Coach 'Andrew Baxter' has been updated for Team 'Fairfield Stags'
INFO:Coach 'Jeff Tambroni' has been updated for Team 'Penn St. Nittany Lions'
INFO:Coach 'Chris Gabrielli' has been updated for Team 'Providence Friars'
INFO:Coach 'Matt Madalon' has been updated for Team 'Princeton Tigers'
INFO:Coach 'Dan Chemotti' has been updated for Team 'Richmond Spiders'
INFO:Coach 'Scott Marr' has been updated for Team 'Albany (NY) Great Danes'
INFO:Coach 'Andrew McMinn' has been updated for Team 'Robert Morris Colonials'
INFO:Coach 'Randy Mearns' has been updated for Team 'St. Bonaventure Bonnies'
INFO:Coach 'Patrick Myers' has been updated for Team 'Lafayette Leopards'
INFO:Coach 'Kevin Cassese' has been updated for Team 'Lehigh Mountain Hawks'
INFO:Coach 'Taylor Wray' has been updated for Team 'Saint Joseph's Hawks'
INFO:Coach 'Greg Cannella' has been updated for Team 'Massachusetts Minutemen'
INFO:Coach 'Shawn Nadelen' has been updated for Team 'Towson Tigers'
INFO:Coach 'Bill Tierney' has been updated for Team 'Denver Pioneers'
INFO:Coach 'Tom Gravante' has been updated for Team 'Mount St. Mary's Mountaineers'
INFO:Coach 'Joe Amplo' has been updated for Team 'Navy Midshipmen'
INFO:Coach 'Mike Pressler' has been updated for Team 'Bryant Bulldogs'
INFO:Coach 'Michael Corrado' has been updated for Team 'Villanova Wildcats'
INFO:Coach 'Peter Burke' has been updated for Team 'Holy Cross Crusaders'
INFO:Coach 'Ben DeLuca' has been updated for Team 'Delaware Blue Hens'
INFO:Coach 'Brian Brecht' has been updated for Team 'Rutgers Scarlet Knights'
INFO:Coach 'Bill McCutcheon' has been updated for Team 'Wagner Seahawks'
INFO:Coach 'Kevin Conry' has been updated for Team 'Michigan Wolverines'
INFO:Coach 'Kevin Corrigan' has been updated for Team 'Notre Dame Fighting Irish'
INFO:Coach 'Andy Shay' has been updated for Team 'Yale Elis, Bulldogs'
INFO:Coach 'Drew Kelleher' has been updated for Team 'Manhattan Jaspers'
INFO:Coach 'Eric Wolf' has been updated for Team 'LIU Sharks'
INFO:Coach 'John Danowski' has been updated for Team 'Duke Blue Devils'
INFO:Coach 'Kevin Warne' has been updated for Team 'Georgetown Hoyas'
INFO:Coach 'Bill Wilson' has been updated for Team 'Air Force Falcons'
INFO:Coach 'Brian Holman' has been updated for Team 'Utah Utes'
INFO:Coach 'Jonathan Basti' has been updated for Team 'Sacred Heart Pioneers'
INFO:Coach 'Brendan Callahan' has been updated for Team 'Dartmouth Big Green'
INFO:Coach 'Jon Birsner' has been updated for Team 'VMI Keydets'
INFO:Coach 'Jon Torpey' has been updated for Team 'High Point Panthers'
INFO:Coach 'Ed Stephenson' has been updated for Team 'UMass Lowell River Hawks'
INFO:Coach 'Jason Miller' has been updated for Team 'St. John's (NY) Red Storm'
INFO:Coach 'Ryan Polley' has been updated for Team 'Boston U. Terriers'
INFO:Coach 'Mark ' has been updated for Team 'Canisius Golden Griffins'
INFO:Coach 'Liam Gleason' has been updated for Team 'Siena Saints'
INFO:Coach 'Peter Milliman' has been updated for Team 'Cornell Big Red'
INFO:Coach 'Mike Daly' has been updated for Team 'Brown Bears'
INFO:Coach 'Andrew Stimmel' has been updated for Team 'Marquette Golden Eagles'
INFO:Coach 'Mason Poli' has been updated for Team 'Quinnipiac Bobcats'
INFO:Coach 'Chris Feifs' has been updated for Team 'Vermont Catamounts'
INFO:Coach 'Greg Raymond' has been updated for Team 'Hobart Statesmen'
INFO:Coach 'Brian Fisher' has been updated for Team 'Monmouth Hawks'
INFO:Coach 'Mike Murphy' has been updated for Team 'Penn Quakers'
INFO:Coach 'Matt Karweck' has been updated for Team 'Colgate Raiders'
INFO:Coach 'Lars Tiffany' has been updated for Team 'Virginia Cavaliers'
INFO:Coach 'Anthony Gilardi' has been updated for Team 'Stony Brook Seawolves'
INFO:Coach 'John Desko' has been updated for Team 'Syracuse Orange'
INFO:Coach 'Joe Alberici' has been updated for Team 'Army West Point Black Knights'
INFO:Coach 'Michael Morgan' has been updated for Team 'Merrimack Warriors'
INFO:Coach 'Kevin McKeown' has been updated for Team 'Binghamton Bearcats'
INFO:Coach 'Travis Johnson' has been updated for Team 'NJIT Highlanders'
