Coach Andy German has been added to the database for Team Cleveland St. Vikings
Coach Andrew Whitley has been added to the database for Team Bellarmine Knights
Coach Dave Pietramala has been added to the database for Team Johns Hopkins Blue Jays
Coach Andrew Baxter has been added to the database for Team Fairfield Stags
Coach Brian Voelker has been added to the database for Team Drexel Dragons
Coach Keegan Wilkinson has been added to the database for Team Marist Red Foxes
Coach Matt Karweck has been added to the database for Team Colgate Raiders
Coach John Tillman has been added to the database for Team Maryland Terrapins, Terps
Coach Peter Burke has been added to the database for Team Holy Cross Crusaders
Coach John Danowski has been added to the database for Team Duke Blue Devils
Coach Mark  has been added to the database for Team Canisius Golden Griffins
Coach Ben DeLuca has been added to the database for Team Delaware Blue Hens
Coach Brian Holman has been added to the database for Team Utah Utes
Coach Gerry Byrne has been added to the database for Team Harvard Crimson
Coach Mike Pressler has been added to the database for Team Bryant Bulldogs
Coach Richie Meade has been added to the database for Team Furman Paladins
Coach Greg Raymond has been added to the database for Team Hobart Statesmen
Coach Travis Johnson has been added to the database for Team NJIT Highlanders
Coach Greg Cannella has been added to the database for Team Massachusetts Minutemen
Coach Kevin Conry has been added to the database for Team Michigan Wolverines
Coach Chris Gabrielli has been added to the database for Team Providence Friars
Coach Brian Fisher has been added to the database for Team Monmouth Hawks
Coach Mike Daly has been added to the database for Team Brown Bears
Coach Randy Mearns has been added to the database for Team St. Bonaventure Bonnies
Coach Brendan Callahan has been added to the database for Team Dartmouth Big Green
Coach Scott Marr has been added to the database for Team Albany (NY) Great Danes
Coach Patrick Myers has been added to the database for Team Lafayette Leopards
Coach Mike Murphy has been added to the database for Team Penn Quakers
Coach Kevin Cassese has been added to the database for Team Lehigh Mountain Hawks
Coach Kyle Hannan has been added to the database for Team Mercer Bears
Coach Tom Gravante has been added to the database for Team Mount St. Mary's Mountaineers
Coach Bill Tierney has been added to the database for Team Denver Pioneers
Coach Taylor Wray has been added to the database for Team Saint Joseph's Hawks
Coach Brian Brecht has been added to the database for Team Rutgers Scarlet Knights
Coach Bill Wilson has been added to the database for Team Air Force Falcons
Coach Jonathan Basti has been added to the database for Team Sacred Heart Pioneers
Coach Michael Corrado has been added to the database for Team Villanova Wildcats
Coach Andrew McMinn has been added to the database for Team Robert Morris Colonials
Coach Lars Tiffany has been added to the database for Team Virginia Cavaliers
Coach Bill McCutcheon has been added to the database for Team Wagner Seahawks
Coach Joe Alberici has been added to the database for Team Army West Point Black Knights
Coach Shawn Nadelen has been added to the database for Team Towson Tigers
Coach Jon Birsner has been added to the database for Team VMI Keydets
Coach Nick Myers has been added to the database for Team Ohio St. Buckeyes
Coach Kevin Corrigan has been added to the database for Team Notre Dame Fighting Irish
Coach Joe Amplo has been added to the database for Team Navy Midshipmen
Coach Jason Miller has been added to the database for Team St. John's (NY) Red Storm
Coach Mason Poli has been added to the database for Team Quinnipiac Bobcats
Coach Chris Feifs has been added to the database for Team Vermont Catamounts
Coach Andy Shay has been added to the database for Team Yale Elis, Bulldogs
Coach Jon Torpey has been added to the database for Team High Point Panthers
Coach Michael Morgan has been added to the database for Team Merrimack Warriors
Coach John Desko has been added to the database for Team Syracuse Orange
Coach Dan Chemotti has been added to the database for Team Richmond Spiders
Coach Chris Kolon has been added to the database for Team Detroit Mercy Titans
Coach Anthony Gilardi has been added to the database for Team Stony Brook Seawolves
Coach Matt Madalon has been added to the database for Team Princeton Tigers
Coach Ryan Martin has been added to the database for Team Hartford Hawks
Coach Peter Milliman has been added to the database for Team Cornell Big Red
Coach Frank Fedorjaka has been added to the database for Team Bucknell Bison
Coach Seth Tierney has been added to the database for Team Hofstra Pride
Coach John Galloway has been added to the database for Team Jacksonville Dolphins
Coach Drew Kelleher has been added to the database for Team Manhattan Jaspers
Coach Kevin Warne has been added to the database for Team Georgetown Hoyas
Coach Charley Toomey has been added to the database for Team Loyola Maryland Greyhounds
Coach Joe Breschi has been added to the database for Team North Carolina Tar Heels
Coach Kevin McKeown has been added to the database for Team Binghamton Bearcats
Coach Ryan Moran has been added to the database for Team UMBC Retrievers
Coach Andrew Stimmel has been added to the database for Team Marquette Golden Eagles
Coach Rashad Devoe has been added to the database for Team Hampton Pirates
Coach Ed Stephenson has been added to the database for Team UMass Lowell River Hawks
Coach Jeff Tambroni has been added to the database for Team Penn St. Nittany Lions
Coach Ryan Polley has been added to the database for Team Boston U. Terriers
Coach Liam Gleason has been added to the database for Team Siena Saints
Coach Eric Wolf has been added to the database for Team LIU Sharks
