INFO:F:\ReactProjects\laxstats2\laxstatscraper\laxstatscraper\logs\divisions\2020-04-14.log:Division 'Division I' has been updated
DEBUG:scrapy.core.scraper:Scraped from <200 https://www.ncaa.com/rankings/lacrosse-men/d1/inside-lacrosse>
None
INFO:scrapy.core.engine:Closing spider (finished)
INFO:scrapy.statscollectors:Dumping Scrapy stats:
{'bans/error/scrapy.core.downloader.handlers.http11.TunnelError': 1,
 'bans/error/twisted.internet.error.TCPTimedOutError': 3,
 'downloader/exception_count': 4,
 'downloader/exception_type_count/scrapy.core.downloader.handlers.http11.TunnelError': 1,
 'downloader/exception_type_count/twisted.internet.error.TCPTimedOutError': 3,
 'downloader/request_bytes': 1610,
 'downloader/request_count': 5,
 'downloader/request_method_count/GET': 5,
 'downloader/response_bytes': 22584,
 'downloader/response_count': 1,
 'downloader/response_status_count/200': 1,
 'elapsed_time_seconds': 70.4079,
 'finish_reason': 'finished',
 'finish_time': datetime.datetime(2020, 4, 14, 7, 1, 17, 235026),
 'item_scraped_count': 1,
 'log_count/DEBUG': 65,
 'log_count/INFO': 10,
 'response_received_count': 1,
 'scheduler/dequeued': 5,
 'scheduler/dequeued/memory': 5,
 'scheduler/enqueued': 5,
 'scheduler/enqueued/memory': 5,
 'start_time': datetime.datetime(2020, 4, 14, 7, 0, 6, 827126)}
INFO:scrapy.core.engine:Spider closed (finished)
