INFO:F:\ReactProjects\laxstats2-backend\scraper\laxscraper\laxscraper\logs\divisions\2020-04-04.log:Division Division I has been updated
DEBUG:scrapy.core.scraper:Scraped from <200 https://www.ncaa.com/rankings/lacrosse-men/d1/inside-lacrosse>
None
INFO:scrapy.core.engine:Closing spider (finished)
INFO:scrapy.statscollectors:Dumping Scrapy stats:
{'bans/error/twisted.internet.error.TCPTimedOutError': 1,
 'downloader/exception_count': 1,
 'downloader/exception_type_count/twisted.internet.error.TCPTimedOutError': 1,
 'downloader/request_bytes': 644,
 'downloader/request_count': 2,
 'downloader/request_method_count/GET': 2,
 'downloader/response_bytes': 22651,
 'downloader/response_count': 1,
 'downloader/response_status_count/200': 1,
 'elapsed_time_seconds': 26.376216,
 'finish_reason': 'finished',
 'finish_time': datetime.datetime(2020, 4, 4, 22, 39, 42, 685981),
 'item_scraped_count': 1,
 'log_count/DEBUG': 59,
 'log_count/INFO': 9,
 'response_received_count': 1,
 'scheduler/dequeued': 2,
 'scheduler/dequeued/memory': 2,
 'scheduler/enqueued': 2,
 'scheduler/enqueued/memory': 2,
 'start_time': datetime.datetime(2020, 4, 4, 22, 39, 16, 309765)}
INFO:scrapy.core.engine:Spider closed (finished)
