INFO:F:\ReactProjects\laxstats2\laxstatscraper\laxstatscraper\logs\divisions\2020-04-18.log:Division 'Division I' has been updated
DEBUG:scrapy.core.scraper:Scraped from <200 https://www.ncaa.com/rankings/lacrosse-men/d1/inside-lacrosse>
None
INFO:scrapy.core.engine:Closing spider (finished)
INFO:scrapy.statscollectors:Dumping Scrapy stats:
{'bans/error/twisted.internet.error.ConnectionRefusedError': 1,
 'bans/error/twisted.internet.error.TCPTimedOutError': 1,
 'downloader/exception_count': 2,
 'downloader/exception_type_count/twisted.internet.error.ConnectionRefusedError': 1,
 'downloader/exception_type_count/twisted.internet.error.TCPTimedOutError': 1,
 'downloader/request_bytes': 966,
 'downloader/request_count': 3,
 'downloader/request_method_count/GET': 3,
 'downloader/response_bytes': 22517,
 'downloader/response_count': 1,
 'downloader/response_status_count/200': 1,
 'elapsed_time_seconds': 34.210617,
 'finish_reason': 'finished',
 'finish_time': datetime.datetime(2020, 4, 18, 7, 0, 39, 194532),
 'item_scraped_count': 1,
 'log_count/DEBUG': 61,
 'log_count/INFO': 9,
 'response_received_count': 1,
 'scheduler/dequeued': 3,
 'scheduler/dequeued/memory': 3,
 'scheduler/enqueued': 3,
 'scheduler/enqueued/memory': 3,
 'start_time': datetime.datetime(2020, 4, 18, 7, 0, 4, 983915)}
INFO:scrapy.core.engine:Spider closed (finished)
