INFO:F:\ReactProjects\laxstats2\laxstatscraper\laxstatscraper\logs\divisions\2020-04-15.log:Division 'Division I' has been updated
DEBUG:scrapy.core.scraper:Scraped from <200 https://www.ncaa.com/rankings/lacrosse-men/d1/inside-lacrosse>
None
INFO:scrapy.core.engine:Closing spider (finished)
INFO:scrapy.statscollectors:Dumping Scrapy stats:
{'downloader/request_bytes': 322,
 'downloader/request_count': 1,
 'downloader/request_method_count/GET': 1,
 'downloader/response_bytes': 22575,
 'downloader/response_count': 1,
 'downloader/response_status_count/200': 1,
 'elapsed_time_seconds': 24.501413,
 'finish_reason': 'finished',
 'finish_time': datetime.datetime(2020, 4, 15, 7, 0, 32, 414489),
 'item_scraped_count': 1,
 'log_count/DEBUG': 57,
 'log_count/INFO': 9,
 'response_received_count': 1,
 'scheduler/dequeued': 1,
 'scheduler/dequeued/memory': 1,
 'scheduler/enqueued': 1,
 'scheduler/enqueued/memory': 1,
 'start_time': datetime.datetime(2020, 4, 15, 7, 0, 7, 913076)}
INFO:scrapy.core.engine:Spider closed (finished)
